Using pre-set license
Built from '2020.3/staging' branch; Version is '2020.3.39f1 (fd6670bb8be9) revision 16606832'; Using compiler version '192528614'; Build Type 'Release'
OS: 'Windows 10  (10.0.19044) 64bit CoreSingleLanguage' Language: 'ru' Physical Memory: 5959 MB
BatchMode: 1, IsHumanControllingUs: 0, StartBugReporterOnCrash: 0, Is64bit: 1, IsPro: 0

COMMAND LINE ARGUMENTS:
C:\Program Files\Unity\Hub\Editor\2020.3.39f1\Editor\Unity.exe
-adb2
-batchMode
-noUpm
-name
AssetImportWorker0
-projectPath
C:/Users/evges/Sandbox
-logFile
Logs/AssetImportWorker0.log
-srvPort
50805
Successfully changed project path to: C:/Users/evges/Sandbox
C:/Users/evges/Sandbox
Using Asset Import Pipeline V2.
Refreshing native plugins compatible for Editor in 757.64 ms, found 3 plugins.
Preloading 0 native plugins for Editor in 0.00 ms.
Initialize engine version: 2020.3.39f1 (fd6670bb8be9)
[Subsystems] Discovering subsystems at path C:/Program Files/Unity/Hub/Editor/2020.3.39f1/Editor/Data/Resources/UnitySubsystems
[Subsystems] Discovering subsystems at path C:/Users/evges/Sandbox/Assets
GfxDevice: creating device client; threaded=0
Direct3D:
    Version:  Direct3D 11.0 [level 11.0]
    Renderer: Intel(R) HD Graphics 4000 (ID=0x166)
    Vendor:   
    VRAM:     128 MB
    Driver:   10.18.10.4252
Initialize mono
Mono path[0] = 'C:/Program Files/Unity/Hub/Editor/2020.3.39f1/Editor/Data/Managed'
Mono path[1] = 'C:/Program Files/Unity/Hub/Editor/2020.3.39f1/Editor/Data/MonoBleedingEdge/lib/mono/unityjit'
Mono config path = 'C:/Program Files/Unity/Hub/Editor/2020.3.39f1/Editor/Data/MonoBleedingEdge/etc'
Using monoOptions --debugger-agent=transport=dt_socket,embedding=1,server=y,suspend=n,address=127.0.0.1:56748
Begin MonoManager ReloadAssembly
Registering precompiled unity dll's ...
Register platform support module: C:/Program Files/Unity/Hub/Editor/2020.3.39f1/Editor/Data/PlaybackEngines/WindowsStandaloneSupport/UnityEditor.WindowsStandalone.Extensions.dll
Registered in 0.070805 seconds.
Native extension for WindowsStandalone target not found
Refreshing native plugins compatible for Editor in 1016.53 ms, found 3 plugins.
Preloading 0 native plugins for Editor in 0.00 ms.
Mono: successfully reloaded assembly
- Completed reload, in  6.315 seconds
Domain Reload Profiling:
	ReloadAssembly (6315ms)
		BeginReloadAssembly (2017ms)
			ExecutionOrderSort (0ms)
			DisableScriptedObjects (0ms)
			BackupInstance (0ms)
			ReleaseScriptingObjects (0ms)
			CreateAndSetChildDomain (7ms)
		EndReloadAssembly (3946ms)
			LoadAssemblies (2006ms)
			RebuildTransferFunctionScriptingTraits (0ms)
			SetupTypeCache (1472ms)
			ReleaseScriptCaches (0ms)
			RebuildScriptCaches (100ms)
			SetupLoadedEditorAssemblies (1817ms)
				LogAssemblyErrors (0ms)
				InitializePlatformSupportModulesInManaged (17ms)
				SetLoadedEditorAssemblies (0ms)
				RefreshPlugins (1017ms)
				BeforeProcessingInitializeOnLoad (19ms)
				ProcessInitializeOnLoadAttributes (600ms)
				ProcessInitializeOnLoadMethodAttributes (164ms)
				AfterProcessingInitializeOnLoad (0ms)
				EditorAssembliesLoaded (1ms)
			ExecutionOrderSort2 (0ms)
			AwakeInstancesAfterBackupRestoration (0ms)
Platform modules already initialized, skipping
Registering precompiled user dll's ...
Registered in 0.055095 seconds.
Begin MonoManager ReloadAssembly
Native extension for WindowsStandalone target not found
Refreshing native plugins compatible for Editor in 118.16 ms, found 3 plugins.
Preloading 0 native plugins for Editor in 0.00 ms.
Mono: successfully reloaded assembly
- Completed reload, in  7.492 seconds
Domain Reload Profiling:
	ReloadAssembly (7512ms)
		BeginReloadAssembly (258ms)
			ExecutionOrderSort (0ms)
			DisableScriptedObjects (7ms)
			BackupInstance (0ms)
			ReleaseScriptingObjects (0ms)
			CreateAndSetChildDomain (28ms)
		EndReloadAssembly (7071ms)
			LoadAssemblies (3893ms)
			RebuildTransferFunctionScriptingTraits (0ms)
			SetupTypeCache (838ms)
			ReleaseScriptCaches (1ms)
			RebuildScriptCaches (137ms)
			SetupLoadedEditorAssemblies (1103ms)
				LogAssemblyErrors (0ms)
				InitializePlatformSupportModulesInManaged (6ms)
				SetLoadedEditorAssemblies (0ms)
				RefreshPlugins (118ms)
				BeforeProcessingInitializeOnLoad (167ms)
				ProcessInitializeOnLoadAttributes (505ms)
				ProcessInitializeOnLoadMethodAttributes (285ms)
				AfterProcessingInitializeOnLoad (21ms)
				EditorAssembliesLoaded (1ms)
			ExecutionOrderSort2 (0ms)
			AwakeInstancesAfterBackupRestoration (3ms)
Platform modules already initialized, skipping
========================================================================
Worker process is ready to serve import requests
Launched and connected shader compiler UnityShaderCompiler.exe after 1.79 seconds
Refreshing native plugins compatible for Editor in 2.26 ms, found 3 plugins.
Preloading 0 native plugins for Editor in 0.00 ms.
Unloading 3758 Unused Serialized files (Serialized files now loaded: 0)
System memory in use before: 169.7 MB.
System memory in use after: 169.9 MB.

Unloading 33 unused Assets to reduce memory usage. Loaded Objects now: 4274.
Total: 10.099400 ms (FindLiveObjects: 0.925900 ms CreateObjectMapping: 3.217700 ms MarkObjects: 5.738000 ms  DeleteObjects: 0.215600 ms)

AssetImportParameters requested are different than current active one (requested -> active):
  custom:framework-win-MediaFoundation: 216162199b28c13a410421893ffa2e32 -> 
  custom:video-decoder-ogg-theora: a1e56fd34408186e4bbccfd4996cb3dc -> 
  custom:container-muxer-webm: aa71ff27fc2769a1b78a27578f13a17b -> 
  custom:container-demuxer-webm: 4f35f7cbe854078d1ac9338744f61a02 -> 
  custom:container-demuxer-ogg: 62fdf1f143b41e24485cea50d1cbac27 -> 
  custom:video-encoder-webm-vp8: eb34c28f22e8b96e1ab97ce403110664 -> 
  custom:video-decoder-webm-vp8: 9c59270c3fd7afecdb556c50c9e8de78 -> 
  custom:audio-decoder-ogg-vorbis: bf7c407c2cedff20999df2af8eb42d56 -> 
  custom:audio-encoder-webm-vorbis: bf7c407c2cedff20999df2af8eb42d56 -> 
========================================================================
Received Import Request.
  path: Assets/Models/cap.fbx
  artifactKey: Guid(995ac4de27f97374686ac1c6e701622d) Importer(815301076,1909f56bfc062723c751e8b465ee728b)
Start importing Assets/Models/cap.fbx using Guid(995ac4de27f97374686ac1c6e701622d) Importer(815301076,1909f56bfc062723c751e8b465ee728b)  -> (artifact id: '9d93d954f973238316701530297bfb91') in 5.425516 seconds 
========================================================================
Received Import Request.
  Time since last request: 0.029910 seconds.
  path: Assets/Materials/Special/Plastic 1.mat
  artifactKey: Guid(f1885ccc5af266c40a7cc8af663b8e12) Importer(815301076,1909f56bfc062723c751e8b465ee728b)
Start importing Assets/Materials/Special/Plastic 1.mat using Guid(f1885ccc5af266c40a7cc8af663b8e12) Importer(815301076,1909f56bfc062723c751e8b465ee728b)  -> (artifact id: 'c060e1e45dc959787f13863eef4dc850') in 1.852990 seconds 
========================================================================
Received Import Request.
  Time since last request: 0.001130 seconds.
  path: Assets/ExampleAssets/Materials/ConstructionLight_Mat.mat
  artifactKey: Guid(49076442eeb7e054b8e8869f8b40656d) Importer(815301076,1909f56bfc062723c751e8b465ee728b)
Start importing Assets/ExampleAssets/Materials/ConstructionLight_Mat.mat using Guid(49076442eeb7e054b8e8869f8b40656d) Importer(815301076,1909f56bfc062723c751e8b465ee728b)  -> (artifact id: '057c629e9591e646e979d0fd0d9eba29') in 0.637763 seconds 
========================================================================
Received Import Request.
  Time since last request: 0.000307 seconds.
  path: Assets/TextMesh Pro/Resources/Fonts & Materials/LiberationSans SDF - Outline.mat
  artifactKey: Guid(79459efec17a4d00a321bdcc27bbc385) Importer(815301076,1909f56bfc062723c751e8b465ee728b)
Start importing Assets/TextMesh Pro/Resources/Fonts & Materials/LiberationSans SDF - Outline.mat using Guid(79459efec17a4d00a321bdcc27bbc385) Importer(815301076,1909f56bfc062723c751e8b465ee728b)  -> (artifact id: 'c511d08932308b24457774e53c6d0cc5') in 1.112890 seconds 
========================================================================
Received Import Request.
  Time since last request: 0.000519 seconds.
  path: Assets/Models/1911/1911 texture.png
  artifactKey: Guid(d0d75e289379a3d418b1e2a982e8dfa1) Importer(815301076,1909f56bfc062723c751e8b465ee728b)
Start importing Assets/Models/1911/1911 texture.png using Guid(d0d75e289379a3d418b1e2a982e8dfa1) Importer(815301076,1909f56bfc062723c751e8b465ee728b)  -> (artifact id: '75f048fec79583ab0a6cdd5a2594ba50') in 1.063614 seconds 
========================================================================
Received Import Request.
  Time since last request: 0.000315 seconds.
  path: Assets/Materials/Special/Gravit/Gravit gravi.mat
  artifactKey: Guid(1e225b085a92e4a43b5f78ab3c81a4c5) Importer(815301076,1909f56bfc062723c751e8b465ee728b)
Start importing Assets/Materials/Special/Gravit/Gravit gravi.mat using Guid(1e225b085a92e4a43b5f78ab3c81a4c5) Importer(815301076,1909f56bfc062723c751e8b465ee728b)  -> (artifact id: '9386422c1d009f54e04579e50a253206') in 0.204019 seconds 
========================================================================
Received Import Request.
  Time since last request: 0.000375 seconds.
  path: Assets/ExampleAssets/Models/jigsaw_low.fbx
  artifactKey: Guid(8b73e8872ca76104bbca4ee2b704a1b4) Importer(815301076,1909f56bfc062723c751e8b465ee728b)
Start importing Assets/ExampleAssets/Models/jigsaw_low.fbx using Guid(8b73e8872ca76104bbca4ee2b704a1b4) Importer(815301076,1909f56bfc062723c751e8b465ee728b)  -> (artifact id: '367ab7336c4b3e5e6043ba6d959c52b5') in 0.581730 seconds 
========================================================================
Received Import Request.
  Time since last request: 0.000385 seconds.
  path: Assets/Models/gravmanip.fbx
  artifactKey: Guid(599f39b859b723440979fda80f7f4895) Importer(815301076,1909f56bfc062723c751e8b465ee728b)
Start importing Assets/Models/gravmanip.fbx using Guid(599f39b859b723440979fda80f7f4895) Importer(815301076,1909f56bfc062723c751e8b465ee728b)  -> (artifact id: '47465e801111fcba47ee255942b1e734') in 0.189637 seconds 
========================================================================
Received Import Request.
  Time since last request: 0.002500 seconds.
  path: Assets/ExampleAssets/Materials/Jigsaw_Mat.mat
  artifactKey: Guid(801db2d997a562b4ea333aa4593ce0f0) Importer(815301076,1909f56bfc062723c751e8b465ee728b)
Start importing Assets/ExampleAssets/Materials/Jigsaw_Mat.mat using Guid(801db2d997a562b4ea333aa4593ce0f0) Importer(815301076,1909f56bfc062723c751e8b465ee728b)  -> (artifact id: '8c2c3e8b482bfe7692597efc101f542e') in 0.173010 seconds 
========================================================================
Received Import Request.
  Time since last request: 0.000364 seconds.
  path: Assets/ExampleAssets/Materials/Hammer_Mat.mat
  artifactKey: Guid(4efcffd7ae23f1e41943fd914b18da10) Importer(815301076,1909f56bfc062723c751e8b465ee728b)
Start importing Assets/ExampleAssets/Materials/Hammer_Mat.mat using Guid(4efcffd7ae23f1e41943fd914b18da10) Importer(815301076,1909f56bfc062723c751e8b465ee728b)  -> (artifact id: 'e35e9c0d8e130d6ff509af1a613494d7') in 0.498574 seconds 
========================================================================
Received Import Request.
  Time since last request: 0.000433 seconds.
  path: Assets/Models/1911/Colt mag.png
  artifactKey: Guid(b6e524c4b098d9f42a6a39d3132b1f74) Importer(815301076,1909f56bfc062723c751e8b465ee728b)
Start importing Assets/Models/1911/Colt mag.png using Guid(b6e524c4b098d9f42a6a39d3132b1f74) Importer(815301076,1909f56bfc062723c751e8b465ee728b)  -> (artifact id: 'e2f44ef3a318f1f0665c8dd071e98274') in 0.198028 seconds 
========================================================================
Received Import Request.
  Time since last request: 0.000348 seconds.
  path: Assets/Shaders
  artifactKey: Guid(0125a24f5ef5f0b40910b2f1f4a1d461) Importer(815301076,1909f56bfc062723c751e8b465ee728b)
Start importing Assets/Shaders using Guid(0125a24f5ef5f0b40910b2f1f4a1d461) Importer(815301076,1909f56bfc062723c751e8b465ee728b)  -> (artifact id: 'c9d54966f4872a5b32f1579de4cf310c') in 0.114103 seconds 
========================================================================
Received Import Request.
  Time since last request: 0.000480 seconds.
  path: Assets/Models/bottle.fbx
  artifactKey: Guid(0b0017d5b137b144aa409ce543de167d) Importer(815301076,1909f56bfc062723c751e8b465ee728b)
Start importing Assets/Models/bottle.fbx using Guid(0b0017d5b137b144aa409ce543de167d) Importer(815301076,1909f56bfc062723c751e8b465ee728b)  -> (artifact id: '02f817cfff672f34069571ee42b708e8') in 0.149297 seconds 
========================================================================
Received Import Request.
  Time since last request: 0.000358 seconds.
  path: Assets/TextMesh Pro/Resources/Fonts & Materials/LiberationSans SDF - Fallback.asset
  artifactKey: Guid(2e498d1c8094910479dc3e1b768306a4) Importer(815301076,1909f56bfc062723c751e8b465ee728b)
Start importing Assets/TextMesh Pro/Resources/Fonts & Materials/LiberationSans SDF - Fallback.asset using Guid(2e498d1c8094910479dc3e1b768306a4) Importer(815301076,1909f56bfc062723c751e8b465ee728b)  -> (artifact id: 'e5001d2a6ca887ae2178ba28bb18ad59') in 0.650371 seconds 
========================================================================
Received Import Request.
  Time since last request: 0.000382 seconds.
  path: Assets/Models/physmanip.fbx
  artifactKey: Guid(e06143ea5659b6f4f8772331600ca42c) Importer(815301076,1909f56bfc062723c751e8b465ee728b)
Start importing Assets/Models/physmanip.fbx using Guid(e06143ea5659b6f4f8772331600ca42c) Importer(815301076,1909f56bfc062723c751e8b465ee728b)  -> (artifact id: 'f24164e825a12a48843e2d1723eaf456') in 0.276361 seconds 
========================================================================
Received Import Request.
  Time since last request: 0.000337 seconds.
  path: Assets/Materials/Concrete/Walls/Door Sides.mat
  artifactKey: Guid(b1dbab1320e94404784b023c38d190b0) Importer(815301076,1909f56bfc062723c751e8b465ee728b)
Start importing Assets/Materials/Concrete/Walls/Door Sides.mat using Guid(b1dbab1320e94404784b023c38d190b0) Importer(815301076,1909f56bfc062723c751e8b465ee728b)  -> (artifact id: '8e9c5208f4bccdd39957b98859ba3d53') in 0.571433 seconds 
========================================================================
Received Import Request.
  Time since last request: 0.000322 seconds.
  path: Assets/ExampleAssets/Models/Workshop_Set.fbx
  artifactKey: Guid(47616bd0cda748d4cbedcfc908506b9d) Importer(815301076,1909f56bfc062723c751e8b465ee728b)
Start importing Assets/ExampleAssets/Models/Workshop_Set.fbx using Guid(47616bd0cda748d4cbedcfc908506b9d) Importer(815301076,1909f56bfc062723c751e8b465ee728b)  -> (artifact id: '074fcb90f43b560462d39257b801bc1b') in 3.880126 seconds 
========================================================================
Received Import Request.
  Time since last request: 0.000369 seconds.
  path: Assets/TextMesh Pro/Resources/Fonts & Materials/LiberationSans SDF - Drop Shadow.mat
  artifactKey: Guid(e73a58f6e2794ae7b1b7e50b7fb811b0) Importer(815301076,1909f56bfc062723c751e8b465ee728b)
Start importing Assets/TextMesh Pro/Resources/Fonts & Materials/LiberationSans SDF - Drop Shadow.mat using Guid(e73a58f6e2794ae7b1b7e50b7fb811b0) Importer(815301076,1909f56bfc062723c751e8b465ee728b)  -> (artifact id: '17f57fe8dc4c9ae30de38a2da0d89f10') in 0.353389 seconds 
========================================================================
Received Import Request.
  Time since last request: 0.000317 seconds.
  path: Assets/Materials/Grass/Grass/Grass.mat
  artifactKey: Guid(3035e93c0dc028c45953359e4be5f76d) Importer(815301076,1909f56bfc062723c751e8b465ee728b)
Start importing Assets/Materials/Grass/Grass/Grass.mat using Guid(3035e93c0dc028c45953359e4be5f76d) Importer(815301076,1909f56bfc062723c751e8b465ee728b)  -> (artifact id: '8e2c7778bb39dfca461878108a51857b') in 0.628926 seconds 
========================================================================
Received Import Request.
  Time since last request: 0.005898 seconds.
  path: Assets/ExampleAssets/Models/ConstructionLight_Low.fbx
  artifactKey: Guid(e3ae06a3979f53046aa05330d69de1fa) Importer(815301076,1909f56bfc062723c751e8b465ee728b)
Start importing Assets/ExampleAssets/Models/ConstructionLight_Low.fbx using Guid(e3ae06a3979f53046aa05330d69de1fa) Importer(815301076,1909f56bfc062723c751e8b465ee728b)  -> (artifact id: '4bc451ac045028cb088f4e7bfbe38392') in 0.364495 seconds 
========================================================================
Received Import Request.
  Time since last request: 0.000298 seconds.
  path: Assets/Materials/Special/Exit sign.mat
  artifactKey: Guid(f9ee80e6c384d6c4fa268821e205c0d1) Importer(815301076,1909f56bfc062723c751e8b465ee728b)
Start importing Assets/Materials/Special/Exit sign.mat using Guid(f9ee80e6c384d6c4fa268821e205c0d1) Importer(815301076,1909f56bfc062723c751e8b465ee728b)  -> (artifact id: '140d9c2f992dec99b7e9d918ae3beeb7') in 0.438651 seconds 
========================================================================
Received Import Request.
  Time since last request: 0.000365 seconds.
  path: Assets/TextMesh Pro/Resources/Fonts & Materials/LiberationSans SDF.asset
  artifactKey: Guid(8f586378b4e144a9851e7b34d9b748ee) Importer(815301076,1909f56bfc062723c751e8b465ee728b)
Start importing Assets/TextMesh Pro/Resources/Fonts & Materials/LiberationSans SDF.asset using Guid(8f586378b4e144a9851e7b34d9b748ee) Importer(815301076,1909f56bfc062723c751e8b465ee728b)  -> (artifact id: '1086c45db6b08dcccce6d79d94e9dad1') in 0.250927 seconds 
========================================================================
Received Import Request.
  Time since last request: 0.000425 seconds.
  path: Assets/Materials/Glass/Bottle.mat
  artifactKey: Guid(d62a3508e7470a6499368279ac3dcbf2) Importer(815301076,1909f56bfc062723c751e8b465ee728b)
Start importing Assets/Materials/Glass/Bottle.mat using Guid(d62a3508e7470a6499368279ac3dcbf2) Importer(815301076,1909f56bfc062723c751e8b465ee728b)  -> (artifact id: '0a9f6e1dcc1a4c5bcab7affcc4ed546e') in 0.105978 seconds 
========================================================================
Received Import Request.
  Time since last request: 0.000363 seconds.
  path: Assets/Materials/Concrete/Floors/AsphaltFresh.mat
  artifactKey: Guid(505887756ed1e3e4eac7f90ee15bfebe) Importer(815301076,1909f56bfc062723c751e8b465ee728b)
Start importing Assets/Materials/Concrete/Floors/AsphaltFresh.mat using Guid(505887756ed1e3e4eac7f90ee15bfebe) Importer(815301076,1909f56bfc062723c751e8b465ee728b)  -> (artifact id: 'b727c2b839d194c5ff7dfc7339d19080') in 0.253471 seconds 
========================================================================
Received Import Request.
  Time since last request: 0.000418 seconds.
  path: Assets/Models/Crate.fbx
  artifactKey: Guid(83fb7555dad386544aa905f3fa792819) Importer(815301076,1909f56bfc062723c751e8b465ee728b)
Start importing Assets/Models/Crate.fbx using Guid(83fb7555dad386544aa905f3fa792819) Importer(815301076,1909f56bfc062723c751e8b465ee728b)  -> (artifact id: 'cc703c4ec74dc06dd18398da2bffc3fc') in 0.167240 seconds 
========================================================================
Received Import Request.
  Time since last request: 0.000374 seconds.
  path: Assets/Models/barrel.fbx
  artifactKey: Guid(1991e83016aab0646b064da723a79024) Importer(815301076,1909f56bfc062723c751e8b465ee728b)
Start importing Assets/Models/barrel.fbx using Guid(1991e83016aab0646b064da723a79024) Importer(815301076,1909f56bfc062723c751e8b465ee728b)  -> (artifact id: '2281e1a9ac730de44f6fa5885572a348') in 0.211042 seconds 
========================================================================
Received Import Request.
  Time since last request: 0.000427 seconds.
  path: Assets/ExampleAssets/Models/small_plane.fbx
  artifactKey: Guid(aeaee610429f51f44981e141eb2a3545) Importer(815301076,1909f56bfc062723c751e8b465ee728b)
Start importing Assets/ExampleAssets/Models/small_plane.fbx using Guid(aeaee610429f51f44981e141eb2a3545) Importer(815301076,1909f56bfc062723c751e8b465ee728b)  -> (artifact id: '24b9c16f36fe6656ade77db7a92677ee') in 0.135582 seconds 
========================================================================
Received Import Request.
  Time since last request: 0.000311 seconds.
  path: Assets/Materials/Concrete/Ceils/Concrete.mat
  artifactKey: Guid(31a5419de6ff4c84ba959dd676920253) Importer(815301076,1909f56bfc062723c751e8b465ee728b)
Start importing Assets/Materials/Concrete/Ceils/Concrete.mat using Guid(31a5419de6ff4c84ba959dd676920253) Importer(815301076,1909f56bfc062723c751e8b465ee728b)  -> (artifact id: 'f05eec29fb77b58b4bd31f75737e38e9') in 0.102505 seconds 
========================================================================
Received Import Request.
  Time since last request: 0.000314 seconds.
  path: Assets/ExampleAssets/Materials/DryWall_Mat.mat
  artifactKey: Guid(a68228c24abfa2f4b8954d7b0148f799) Importer(815301076,1909f56bfc062723c751e8b465ee728b)
Start importing Assets/ExampleAssets/Materials/DryWall_Mat.mat using Guid(a68228c24abfa2f4b8954d7b0148f799) Importer(815301076,1909f56bfc062723c751e8b465ee728b)  -> (artifact id: '6b1d94bab502ca3021b8842519c6e122') in 0.318967 seconds 
========================================================================
Received Import Request.
  Time since last request: 0.000377 seconds.
  path: Assets/Scripts 1
  artifactKey: Guid(1422640e90d31da4daf2b7d37a0c5866) Importer(815301076,1909f56bfc062723c751e8b465ee728b)
Start importing Assets/Scripts 1 using Guid(1422640e90d31da4daf2b7d37a0c5866) Importer(815301076,1909f56bfc062723c751e8b465ee728b)  -> (artifact id: '9b8d42b63d6139f508392a3a31805a9b') in 0.062271 seconds 
========================================================================
Received Import Request.
  Time since last request: 0.000316 seconds.
  path: Assets/ExampleAssets/Models/hammer_low.fbx
  artifactKey: Guid(68a66fb5a71f8204a8dcb613c97d1fa8) Importer(815301076,1909f56bfc062723c751e8b465ee728b)
Start importing Assets/ExampleAssets/Models/hammer_low.fbx using Guid(68a66fb5a71f8204a8dcb613c97d1fa8) Importer(815301076,1909f56bfc062723c751e8b465ee728b)  -> (artifact id: 'c23683e0b150babcd1d2cf79cae17d15') in 0.254554 seconds 
========================================================================
Received Import Request.
  Time since last request: 0.000307 seconds.
  path: Assets/Materials/Special/Gravit/Gravit phys.mat
  artifactKey: Guid(a5b6bb069325f73429c0d008e9907363) Importer(815301076,1909f56bfc062723c751e8b465ee728b)
Start importing Assets/Materials/Special/Gravit/Gravit phys.mat using Guid(a5b6bb069325f73429c0d008e9907363) Importer(815301076,1909f56bfc062723c751e8b465ee728b)  -> (artifact id: '481e14dceeef92bbb4f2df3e33b43e2c') in 0.165560 seconds 
========================================================================
Received Import Request.
  Time since last request: 0.002092 seconds.
  path: Assets/ExampleAssets/Models/safetygoggles_low.fbx
  artifactKey: Guid(6296e48663fd7ad46b1a2af507f871cf) Importer(815301076,1909f56bfc062723c751e8b465ee728b)
Start importing Assets/ExampleAssets/Models/safetygoggles_low.fbx using Guid(6296e48663fd7ad46b1a2af507f871cf) Importer(815301076,1909f56bfc062723c751e8b465ee728b)  -> (artifact id: '65aeba21c0075291d9e5aa01509f69b2') in 0.330036 seconds 
========================================================================
Received Import Request.
  Time since last request: 0.000323 seconds.
  path: Assets/ExampleAssets/Materials/Ground_Mat.mat
  artifactKey: Guid(d92ef32394b5f474385d74b565a7bdd7) Importer(815301076,1909f56bfc062723c751e8b465ee728b)
Start importing Assets/ExampleAssets/Materials/Ground_Mat.mat using Guid(d92ef32394b5f474385d74b565a7bdd7) Importer(815301076,1909f56bfc062723c751e8b465ee728b)  -> (artifact id: '464ecfb875d680da63be4f88529f4394') in 0.257390 seconds 
========================================================================
Received Import Request.
  Time since last request: 0.000316 seconds.
  path: Assets/Materials/Special/HoloSight.mat
  artifactKey: Guid(e2f56a7bf37fc574c8ca859d4b66f814) Importer(815301076,1909f56bfc062723c751e8b465ee728b)
Start importing Assets/Materials/Special/HoloSight.mat using Guid(e2f56a7bf37fc574c8ca859d4b66f814) Importer(815301076,1909f56bfc062723c751e8b465ee728b)  -> (artifact id: '4cfdb62752be1a742fd3a8643f4a690e') in 0.208892 seconds 
========================================================================
Received Import Request.
  Time since last request: 0.000312 seconds.
  path: Assets/Materials/Special/Mat logo.mat
  artifactKey: Guid(44378ccb590f8e14eb7e6defcf9e1b4e) Importer(815301076,1909f56bfc062723c751e8b465ee728b)
Start importing Assets/Materials/Special/Mat logo.mat using Guid(44378ccb590f8e14eb7e6defcf9e1b4e) Importer(815301076,1909f56bfc062723c751e8b465ee728b)  -> (artifact id: '0e1e69049d2db2efebd29fe6e85e49a2') in 0.397438 seconds 
========================================================================
Received Import Request.
  Time since last request: 0.000310 seconds.
  path: Assets/Materials/Glass/Stained/Doom/Dusk.mat
  artifactKey: Guid(6ec575bb88913014eabcacd970c94bd1) Importer(815301076,1909f56bfc062723c751e8b465ee728b)
Start importing Assets/Materials/Glass/Stained/Doom/Dusk.mat using Guid(6ec575bb88913014eabcacd970c94bd1) Importer(815301076,1909f56bfc062723c751e8b465ee728b)  -> (artifact id: 'ab82459dceff08684dfb073416d9a0c7') in 0.558327 seconds 
========================================================================
Received Import Request.
  Time since last request: 0.000399 seconds.
  path: Assets/Models/1911/1911.fbx
  artifactKey: Guid(781143964f122d34eaa9e7fde1a75ac7) Importer(815301076,1909f56bfc062723c751e8b465ee728b)
Start importing Assets/Models/1911/1911.fbx using Guid(781143964f122d34eaa9e7fde1a75ac7) Importer(815301076,1909f56bfc062723c751e8b465ee728b)  -> (artifact id: 'e62eb8af88df60b8c898e1fb1b3d82a9') in 0.254136 seconds 
========================================================================
Received Import Request.
  Time since last request: 0.000341 seconds.
  path: Assets/TextMesh Pro/Fonts/LiberationSans.ttf
  artifactKey: Guid(e3265ab4bf004d28a9537516768c1c75) Importer(815301076,1909f56bfc062723c751e8b465ee728b)
Start importing Assets/TextMesh Pro/Fonts/LiberationSans.ttf using Guid(e3265ab4bf004d28a9537516768c1c75) Importer(815301076,1909f56bfc062723c751e8b465ee728b)  -> (artifact id: '82045f5ae655dff61e73f353af895e3a') in 1.016563 seconds 
========================================================================
Received Import Request.
  Time since last request: 0.000311 seconds.
  path: Assets/Materials/Concrete/Floors/Beton.mat
  artifactKey: Guid(988717197a512fc4bbd959d446e2f748) Importer(815301076,1909f56bfc062723c751e8b465ee728b)
Start importing Assets/Materials/Concrete/Floors/Beton.mat using Guid(988717197a512fc4bbd959d446e2f748) Importer(815301076,1909f56bfc062723c751e8b465ee728b)  -> (artifact id: 'e066dda0f2979d1d407a0a532f66d157') in 0.129813 seconds 
========================================================================
Received Import Request.
  Time since last request: 0.000420 seconds.
  path: Assets/Models/1911/colt.blend
  artifactKey: Guid(df4d9eac4528b854fb20dff39bc06a0f) Importer(815301076,1909f56bfc062723c751e8b465ee728b)
Start importing Assets/Models/1911/colt.blend using Guid(df4d9eac4528b854fb20dff39bc06a0f) Importer(815301076,1909f56bfc062723c751e8b465ee728b)  -> (artifact id: 'fbcb419d4260dfc5ff7d305a4bb79ed9') in 0.403421 seconds 
========================================================================
Received Import Request.
  Time since last request: 0.000305 seconds.
  path: Assets/ExampleAssets/Models/Workbench.fbx
  artifactKey: Guid(efe9381559c516743bd05cef82f39ebb) Importer(815301076,1909f56bfc062723c751e8b465ee728b)
Start importing Assets/ExampleAssets/Models/Workbench.fbx using Guid(efe9381559c516743bd05cef82f39ebb) Importer(815301076,1909f56bfc062723c751e8b465ee728b)  -> (artifact id: '562dc5a96535f3b6a1174a43a179f95f') in 0.858229 seconds 
========================================================================
Received Import Request.
  Time since last request: 0.000480 seconds.
  path: Assets/ExampleAssets/Materials/HardHat_Mat.mat
  artifactKey: Guid(e93789f0a5d66df4a81613935579642b) Importer(815301076,1909f56bfc062723c751e8b465ee728b)
Start importing Assets/ExampleAssets/Materials/HardHat_Mat.mat using Guid(e93789f0a5d66df4a81613935579642b) Importer(815301076,1909f56bfc062723c751e8b465ee728b)  -> (artifact id: 'f0451e8e4fc44c0c0ad06b480daab191') in 0.331358 seconds 
========================================================================
Received Import Request.
  Time since last request: 0.000296 seconds.
  path: Assets/ExampleAssets/Materials/DryWallPainted_Mat.mat
  artifactKey: Guid(9b8eadc4de0544646b75ddcc43f8fd06) Importer(815301076,1909f56bfc062723c751e8b465ee728b)
Start importing Assets/ExampleAssets/Materials/DryWallPainted_Mat.mat using Guid(9b8eadc4de0544646b75ddcc43f8fd06) Importer(815301076,1909f56bfc062723c751e8b465ee728b)  -> (artifact id: 'e084f414280b96736064de24338bc225') in 0.386364 seconds 
========================================================================
Received Import Request.
  Time since last request: 0.000330 seconds.
  path: Assets/Materials/Concrete/Floors/Asphalt.mat
  artifactKey: Guid(743b00703c645a141ac6a8ef76f28f04) Importer(815301076,1909f56bfc062723c751e8b465ee728b)
Start importing Assets/Materials/Concrete/Floors/Asphalt.mat using Guid(743b00703c645a141ac6a8ef76f28f04) Importer(815301076,1909f56bfc062723c751e8b465ee728b)  -> (artifact id: '9a3886ce1198fbf44194feed1fc471b6') in 0.115681 seconds 
========================================================================
Received Import Request.
  Time since last request: 0.000387 seconds.
  path: Assets/ExampleAssets/Models/Workbench_Low.fbx
  artifactKey: Guid(ff6dc36862fe41641bb21568d92147c9) Importer(815301076,1909f56bfc062723c751e8b465ee728b)
Start importing Assets/ExampleAssets/Models/Workbench_Low.fbx using Guid(ff6dc36862fe41641bb21568d92147c9) Importer(815301076,1909f56bfc062723c751e8b465ee728b)  -> (artifact id: '0051ddc2e7921ee6017fc18b8558c464') in 0.436597 seconds 
========================================================================
Received Import Request.
  Time since last request: 0.000313 seconds.
  path: Assets/Materials/Concrete/Floors/Ground grid.mat
  artifactKey: Guid(57b088cd4ca37694089798dabf83a2f3) Importer(815301076,1909f56bfc062723c751e8b465ee728b)
Start importing Assets/Materials/Concrete/Floors/Ground grid.mat using Guid(57b088cd4ca37694089798dabf83a2f3) Importer(815301076,1909f56bfc062723c751e8b465ee728b)  -> (artifact id: 'f5c28ac65bbd34d9ef38ea865fb0e1f3') in 0.749605 seconds 
========================================================================
Received Import Request.
  Time since last request: 0.000398 seconds.
  path: Assets/Materials/Concrete/Floors/Ground grid 2.mat
  artifactKey: Guid(04aa31a769a1cb14fb37c9b20c2abf21) Importer(815301076,1909f56bfc062723c751e8b465ee728b)
Start importing Assets/Materials/Concrete/Floors/Ground grid 2.mat using Guid(04aa31a769a1cb14fb37c9b20c2abf21) Importer(815301076,1909f56bfc062723c751e8b465ee728b)  -> (artifact id: 'e2149000f466f7e2041568065f6db2b8') in 0.480285 seconds 
========================================================================
Received Import Request.
  Time since last request: 23.395545 seconds.
  path: Assets/Materials/Ceramic/Tile small blue.mat
  artifactKey: Guid(609b87ff6338dd645990505f15809812) Importer(815301076,1909f56bfc062723c751e8b465ee728b)
Start importing Assets/Materials/Ceramic/Tile small blue.mat using Guid(609b87ff6338dd645990505f15809812) Importer(815301076,1909f56bfc062723c751e8b465ee728b)  -> (artifact id: '3d3e9db1af4d2e44b3737b7820f84a47') in 0.077594 seconds 
========================================================================
Received Import Request.
  Time since last request: 2.475366 seconds.
  path: Assets/Materials/Sky/Skybox_Mat.mat
  artifactKey: Guid(0ffaa0b7117ba8c47a9d05ae701d4b4d) Importer(815301076,1909f56bfc062723c751e8b465ee728b)
Start importing Assets/Materials/Sky/Skybox_Mat.mat using Guid(0ffaa0b7117ba8c47a9d05ae701d4b4d) Importer(815301076,1909f56bfc062723c751e8b465ee728b)  -> (artifact id: '675f4338e408c02474d9bd1d75b8ec44') in 0.122556 seconds 
========================================================================
Received Import Request.
  Time since last request: 1.140230 seconds.
  path: Assets/Materials/Water/Water bassein.mat
  artifactKey: Guid(7e14516696594b64d9a38a8012fcf98e) Importer(815301076,1909f56bfc062723c751e8b465ee728b)
Start importing Assets/Materials/Water/Water bassein.mat using Guid(7e14516696594b64d9a38a8012fcf98e) Importer(815301076,1909f56bfc062723c751e8b465ee728b)  -> (artifact id: 'd10cbf18645c8d1bea31ab6182d19e83') in 0.582190 seconds 
========================================================================
Received Import Request.
  Time since last request: 0.000418 seconds.
  path: Assets/Materials/Water/Water.mat
  artifactKey: Guid(db51812f0a84e864892c95c1fa72ed68) Importer(815301076,1909f56bfc062723c751e8b465ee728b)
Start importing Assets/Materials/Water/Water.mat using Guid(db51812f0a84e864892c95c1fa72ed68) Importer(815301076,1909f56bfc062723c751e8b465ee728b)  -> (artifact id: '89a122619a5941148b67d156fa3b58ef') in 0.133778 seconds 
========================================================================
Received Import Request.
  Time since last request: 1087.358827 seconds.
  path: Assets/Materials/Special/HoloSight 1.mat
  artifactKey: Guid(1a7b6b44e985de4459c45fc11a1fbbaf) Importer(815301076,1909f56bfc062723c751e8b465ee728b)
Start importing Assets/Materials/Special/HoloSight 1.mat using Guid(1a7b6b44e985de4459c45fc11a1fbbaf) Importer(815301076,1909f56bfc062723c751e8b465ee728b)  -> (artifact id: 'b97f8db999c4817e85586099c911a490') in 0.062135 seconds 
========================================================================
Received Import Request.
  Time since last request: 0.000297 seconds.
  path: Assets/Materials/Special/Plastic 1.mat
  artifactKey: Guid(f1885ccc5af266c40a7cc8af663b8e12) Importer(815301076,1909f56bfc062723c751e8b465ee728b)
Start importing Assets/Materials/Special/Plastic 1.mat using Guid(f1885ccc5af266c40a7cc8af663b8e12) Importer(815301076,1909f56bfc062723c751e8b465ee728b)  -> (artifact id: '5f128c40bf12b2f8512e6d8fb481a2cd') in 0.048715 seconds 
========================================================================
Received Import Request.
  Time since last request: 160.639288 seconds.
  path: Assets/Materials/Concrete/Ceils/Paint.mat
  artifactKey: Guid(0ac799441068426438005d6dbd07a7fb) Importer(815301076,1909f56bfc062723c751e8b465ee728b)
Start importing Assets/Materials/Concrete/Ceils/Paint.mat using Guid(0ac799441068426438005d6dbd07a7fb) Importer(815301076,1909f56bfc062723c751e8b465ee728b)  -> (artifact id: '545a06e26c8ed68b7310bb03c80e8766') in 0.100782 seconds 
========================================================================
Received Import Request.
  Time since last request: 0.395997 seconds.
  path: Assets/Materials/Concrete/Flats/Testgrid.mat
  artifactKey: Guid(70abdc89c274ffb4cba11c779a5eae48) Importer(815301076,1909f56bfc062723c751e8b465ee728b)
Start importing Assets/Materials/Concrete/Flats/Testgrid.mat using Guid(70abdc89c274ffb4cba11c779a5eae48) Importer(815301076,1909f56bfc062723c751e8b465ee728b)  -> (artifact id: '8d85712ec654314ce21b993f58a33c8d') in 0.210285 seconds 
========================================================================
Received Import Request.
  Time since last request: 134.827275 seconds.
  path: Assets/Materials/Sky
  artifactKey: Guid(5b87170619ab1bf4b9ed199256b30090) Importer(815301076,1909f56bfc062723c751e8b465ee728b)
Start importing Assets/Materials/Sky using Guid(5b87170619ab1bf4b9ed199256b30090) Importer(815301076,1909f56bfc062723c751e8b465ee728b)  -> (artifact id: 'e2344e17a7648c134d37578eadd1354e') in 0.041551 seconds 
========================================================================
Received Import Request.
  Time since last request: 10.380125 seconds.
  path: Assets/Materials/Sky/Sky 1.mat
  artifactKey: Guid(4855c9c1c008a99458874044cb3cffa3) Importer(815301076,1909f56bfc062723c751e8b465ee728b)
Start importing Assets/Materials/Sky/Sky 1.mat using Guid(4855c9c1c008a99458874044cb3cffa3) Importer(815301076,1909f56bfc062723c751e8b465ee728b)  -> (artifact id: '99777676b2300dfd7e861b11c5fd86e4') in 0.077770 seconds 
========================================================================
Received Import Request.
  Time since last request: 0.008773 seconds.
  path: Assets/Materials/Sky/Skybox_Mat.mat
  artifactKey: Guid(0ffaa0b7117ba8c47a9d05ae701d4b4d) Importer(815301076,1909f56bfc062723c751e8b465ee728b)
Start importing Assets/Materials/Sky/Skybox_Mat.mat using Guid(0ffaa0b7117ba8c47a9d05ae701d4b4d) Importer(815301076,1909f56bfc062723c751e8b465ee728b)  -> (artifact id: '96c20f6df0d38ecec54f41670ce3a828') in 0.159079 seconds 
========================================================================
Received Import Request.
  Time since last request: 99.082398 seconds.
  path: Assets/Materials/Sky/images.jpg
  artifactKey: Guid(570c9c93f035b9b44b39b7217ce6c959) Importer(815301076,1909f56bfc062723c751e8b465ee728b)
Start importing Assets/Materials/Sky/images.jpg using Guid(570c9c93f035b9b44b39b7217ce6c959) Importer(815301076,1909f56bfc062723c751e8b465ee728b)  -> (artifact id: '1029885867fa17c00ad7ad27d8ebe547') in 0.129629 seconds 
========================================================================
Received Import Request.
  Time since last request: 82.492672 seconds.
  path: Assets/Materials/Sky/2092939146_preview_HDRI Haven  - waterbuck_trail_ .jpg
  artifactKey: Guid(2f6a14f6b2dbc86428c506863045b485) Importer(815301076,1909f56bfc062723c751e8b465ee728b)
Start importing Assets/Materials/Sky/2092939146_preview_HDRI Haven  - waterbuck_trail_ .jpg using Guid(2f6a14f6b2dbc86428c506863045b485) Importer(815301076,1909f56bfc062723c751e8b465ee728b)  -> (artifact id: '43270284ba748b6c974899e86a9bacea') in 0.160832 seconds 
========================================================================
Received Import Request.
  Time since last request: 16.207625 seconds.
  path: Assets/Materials/Sky/2092939146_preview_HDRI Haven  - waterbuck_trail_ .jpg
  artifactKey: Guid(2f6a14f6b2dbc86428c506863045b485) Importer(815301076,1909f56bfc062723c751e8b465ee728b)
Start importing Assets/Materials/Sky/2092939146_preview_HDRI Haven  - waterbuck_trail_ .jpg using Guid(2f6a14f6b2dbc86428c506863045b485) Importer(815301076,1909f56bfc062723c751e8b465ee728b)  -> (artifact id: 'ce1d9b015bcf78c45a963a63796336dc') in 0.336303 seconds 
========================================================================
Received Import Request.
  Time since last request: 2.354236 seconds.
  path: Assets/Scenes/sb_test_grid/ReflectionProbe-0.exr
  artifactKey: Guid(c3ad2aa00d098e74d8790d7674c5012f) Importer(815301076,1909f56bfc062723c751e8b465ee728b)
Start importing Assets/Scenes/sb_test_grid/ReflectionProbe-0.exr using Guid(c3ad2aa00d098e74d8790d7674c5012f) Importer(815301076,1909f56bfc062723c751e8b465ee728b)  -> (artifact id: '61356c09b0800c9622ceb89eb5a73019') in 3.790241 seconds 
========================================================================
Received Import Request.
  Time since last request: 0.000496 seconds.
  path: Assets/Scenes/sb_test_grid/ReflectionProbe-3.exr
  artifactKey: Guid(503f8600c87c74b46a30fd0310f8e71f) Importer(815301076,1909f56bfc062723c751e8b465ee728b)
Start importing Assets/Scenes/sb_test_grid/ReflectionProbe-3.exr using Guid(503f8600c87c74b46a30fd0310f8e71f) Importer(815301076,1909f56bfc062723c751e8b465ee728b)  -> (artifact id: '6247a1d2a77f798077ebc7f3cc9eb6e6') in 0.388914 seconds 
========================================================================
Received Import Request.
  Time since last request: 0.000721 seconds.
  path: Assets/Scenes/sb_test_grid/ReflectionProbe-5.exr
  artifactKey: Guid(33178d63cee2c464e9bc18ed4adb82e1) Importer(815301076,1909f56bfc062723c751e8b465ee728b)
Start importing Assets/Scenes/sb_test_grid/ReflectionProbe-5.exr using Guid(33178d63cee2c464e9bc18ed4adb82e1) Importer(815301076,1909f56bfc062723c751e8b465ee728b)  -> (artifact id: 'efbffeff4e6c7b55b7fde28132ca77c6') in 0.203525 seconds 
========================================================================
Received Import Request.
  Time since last request: 0.000987 seconds.
  path: Assets/Scenes/sb_test_grid/ReflectionProbe-2.exr
  artifactKey: Guid(e486632267d61b54896e1c10d72a3271) Importer(815301076,1909f56bfc062723c751e8b465ee728b)
Start importing Assets/Scenes/sb_test_grid/ReflectionProbe-2.exr using Guid(e486632267d61b54896e1c10d72a3271) Importer(815301076,1909f56bfc062723c751e8b465ee728b)  -> (artifact id: '5493653d72e530366330d9e32f04cf38') in 0.461555 seconds 
========================================================================
Received Import Request.
  Time since last request: 0.001764 seconds.
  path: Assets/Scenes/sb_test_grid/ReflectionProbe-1.exr
  artifactKey: Guid(da416f6f31d6cb84c990379e95ee8c1d) Importer(815301076,1909f56bfc062723c751e8b465ee728b)
Start importing Assets/Scenes/sb_test_grid/ReflectionProbe-1.exr using Guid(da416f6f31d6cb84c990379e95ee8c1d) Importer(815301076,1909f56bfc062723c751e8b465ee728b)  -> (artifact id: '76c2a2e9e2d27878185193c94b4ad28b') in 0.372906 seconds 
========================================================================
Received Import Request.
  Time since last request: 0.013615 seconds.
  path: Assets/Scenes/sb_test_grid/ReflectionProbe-4.exr
  artifactKey: Guid(c1f6ba4da7cee134f9daa81fa8f95810) Importer(815301076,1909f56bfc062723c751e8b465ee728b)
Start importing Assets/Scenes/sb_test_grid/ReflectionProbe-4.exr using Guid(c1f6ba4da7cee134f9daa81fa8f95810) Importer(815301076,1909f56bfc062723c751e8b465ee728b)  -> (artifact id: 'dbb55e2c97c7d6e0785980f26eaf6309') in 0.215423 seconds 
========================================================================
Received Import Request.
  Time since last request: 0.001341 seconds.
  path: Assets/Scenes/sb_test_grid/ReflectionProbe-6.exr
  artifactKey: Guid(1571c3fddd478ef46b87f4dfdc080e4d) Importer(815301076,1909f56bfc062723c751e8b465ee728b)
Start importing Assets/Scenes/sb_test_grid/ReflectionProbe-6.exr using Guid(1571c3fddd478ef46b87f4dfdc080e4d) Importer(815301076,1909f56bfc062723c751e8b465ee728b)  -> (artifact id: 'f345b5a9d7ff88c2dc2e1f5a6e277856') in 0.413961 seconds 
========================================================================
Received Import Request.
  Time since last request: 810.878698 seconds.
  path: Assets/Shaders/Undone wall.shadergraph
  artifactKey: Guid(180ab3a57ee912b4890c7e9ff1ca87a5) Importer(815301076,1909f56bfc062723c751e8b465ee728b)
Start importing Assets/Shaders/Undone wall.shadergraph using Guid(180ab3a57ee912b4890c7e9ff1ca87a5) Importer(815301076,1909f56bfc062723c751e8b465ee728b)  -> (artifact id: '549806952a19fa353ae989e336f8659d') in 0.044433 seconds 
========================================================================
Received Import Request.
  Time since last request: 10.436013 seconds.
  path: Assets/Textures/64608390949bbbdeeac4412318183889.png
  artifactKey: Guid(29fdcaddb41068d4db8f2cecb538bc29) Importer(815301076,1909f56bfc062723c751e8b465ee728b)
Start importing Assets/Textures/64608390949bbbdeeac4412318183889.png using Guid(29fdcaddb41068d4db8f2cecb538bc29) Importer(815301076,1909f56bfc062723c751e8b465ee728b)  -> (artifact id: 'cc2cd4a8ad031eaea74bcb1ddc718e06') in 2.603433 seconds 
========================================================================
Received Import Request.
  Time since last request: 0.000349 seconds.
  path: Assets/Textures/admin.png
  artifactKey: Guid(b5116014d7c52f24497dcad734e1ce8f) Importer(815301076,1909f56bfc062723c751e8b465ee728b)
Start importing Assets/Textures/admin.png using Guid(b5116014d7c52f24497dcad734e1ce8f) Importer(815301076,1909f56bfc062723c751e8b465ee728b)  -> (artifact id: '71b3253dfda0a690b1e2e4aed6f15f93') in 0.689840 seconds 
========================================================================
Received Import Request.
  Time since last request: 0.000414 seconds.
  path: Assets/Textures/lab.png
  artifactKey: Guid(080418c867cad8d4495d389101b57101) Importer(815301076,1909f56bfc062723c751e8b465ee728b)
Start importing Assets/Textures/lab.png using Guid(080418c867cad8d4495d389101b57101) Importer(815301076,1909f56bfc062723c751e8b465ee728b)  -> (artifact id: '9e5948c5b5ec4abe2f228e67c224a12a') in 0.255856 seconds 
========================================================================
Received Import Request.
  Time since last request: 0.000359 seconds.
  path: Assets/Textures/Box texture.png
  artifactKey: Guid(a5032d3ade6e26744a31596b5f4cc274) Importer(815301076,1909f56bfc062723c751e8b465ee728b)
Start importing Assets/Textures/Box texture.png using Guid(a5032d3ade6e26744a31596b5f4cc274) Importer(815301076,1909f56bfc062723c751e8b465ee728b)  -> (artifact id: '8c63ca243ec3563a5e60f2cf53f2f23c') in 0.783280 seconds 
========================================================================
Received Import Request.
  Time since last request: 0.000309 seconds.
  path: Assets/Textures/Exit.png
  artifactKey: Guid(c19f5a1a372d97740be1b23033e5d281) Importer(815301076,1909f56bfc062723c751e8b465ee728b)
Start importing Assets/Textures/Exit.png using Guid(c19f5a1a372d97740be1b23033e5d281) Importer(815301076,1909f56bfc062723c751e8b465ee728b)  -> (artifact id: '3adcf78f44df42cc561828d4a8ffd521') in 0.417872 seconds 
========================================================================
Received Import Request.
  Time since last request: 0.000368 seconds.
  path: Assets/Textures/ExitGlow.png
  artifactKey: Guid(0a1a38cd17c5f2142ad45b0698692f76) Importer(815301076,1909f56bfc062723c751e8b465ee728b)
Start importing Assets/Textures/ExitGlow.png using Guid(0a1a38cd17c5f2142ad45b0698692f76) Importer(815301076,1909f56bfc062723c751e8b465ee728b)  -> (artifact id: '5b59b4553f32c0812bd0b08fa0a1e02a') in 0.111334 seconds 
========================================================================
Received Import Request.
  Time since last request: 6.865024 seconds.
  path: Assets/Textures/64608390949bbbdeeac4412318183889.png
  artifactKey: Guid(29fdcaddb41068d4db8f2cecb538bc29) Importer(815301076,1909f56bfc062723c751e8b465ee728b)
Start importing Assets/Textures/64608390949bbbdeeac4412318183889.png using Guid(29fdcaddb41068d4db8f2cecb538bc29) Importer(815301076,1909f56bfc062723c751e8b465ee728b)  -> (artifact id: 'a4f2dbb908fad9e40de678a0bb0fd385') in 0.044224 seconds 
========================================================================
Received Import Request.
  Time since last request: 69.362026 seconds.
  path: Assets/Shaders/Undone wall.shadergraph
  artifactKey: Guid(180ab3a57ee912b4890c7e9ff1ca87a5) Importer(815301076,1909f56bfc062723c751e8b465ee728b)
Start importing Assets/Shaders/Undone wall.shadergraph using Guid(180ab3a57ee912b4890c7e9ff1ca87a5) Importer(815301076,1909f56bfc062723c751e8b465ee728b)  -> (artifact id: 'dd852c88cbf7bf10dad17de9163ac224') in 0.027245 seconds 
========================================================================
Received Import Request.
  Time since last request: 8.715218 seconds.
  path: Assets/Shaders/Wall WIP.mat
  artifactKey: Guid(37ab333213f13a747bd03f10de5f5ba8) Importer(815301076,1909f56bfc062723c751e8b465ee728b)
Start importing Assets/Shaders/Wall WIP.mat using Guid(37ab333213f13a747bd03f10de5f5ba8) Importer(815301076,1909f56bfc062723c751e8b465ee728b)  -> (artifact id: '5bba1ca7d54c8bbb664cf785cdd4f076') in 0.208229 seconds 
========================================================================
Received Import Request.
  Time since last request: 88.345358 seconds.
  path: Assets/Textures/64608390949bbbdeeac4412318183889.png
  artifactKey: Guid(29fdcaddb41068d4db8f2cecb538bc29) Importer(815301076,1909f56bfc062723c751e8b465ee728b)
Start importing Assets/Textures/64608390949bbbdeeac4412318183889.png using Guid(29fdcaddb41068d4db8f2cecb538bc29) Importer(815301076,1909f56bfc062723c751e8b465ee728b)  -> (artifact id: '19047f94374f150182943a299e34dc03') in 0.110425 seconds 
========================================================================
Received Import Request.
  Time since last request: 37.962354 seconds.
  path: Assets/Settings/ForwardRenderer.asset
  artifactKey: Guid(4a8e21d5c33334b11b34a596161b9360) Importer(815301076,1909f56bfc062723c751e8b465ee728b)
Start importing Assets/Settings/ForwardRenderer.asset using Guid(4a8e21d5c33334b11b34a596161b9360) Importer(815301076,1909f56bfc062723c751e8b465ee728b)  -> (artifact id: 'fd4bee02f0291389c3517910503f4b22') in 0.150527 seconds 
========================================================================
Received Import Request.
  Time since last request: 0.020327 seconds.
  path: Assets/Settings/SampleSceneProfile.asset
  artifactKey: Guid(10fc4df2da32a41aaa32d77bc913491c) Importer(815301076,1909f56bfc062723c751e8b465ee728b)
Start importing Assets/Settings/SampleSceneProfile.asset using Guid(10fc4df2da32a41aaa32d77bc913491c) Importer(815301076,1909f56bfc062723c751e8b465ee728b)  -> (artifact id: '8cfe874fab04526b3def977deab8dca0') in 0.467164 seconds 
========================================================================
Received Import Request.
  Time since last request: 0.000329 seconds.
  path: Assets/Settings/UniversalRP-LowQuality.asset
  artifactKey: Guid(a31e9f9f9c9d4b9429ed0d1234e22103) Importer(815301076,1909f56bfc062723c751e8b465ee728b)
Start importing Assets/Settings/UniversalRP-LowQuality.asset using Guid(a31e9f9f9c9d4b9429ed0d1234e22103) Importer(815301076,1909f56bfc062723c751e8b465ee728b)  -> (artifact id: '1a8492219413175375f8259d2bf41f91') in 0.088409 seconds 
========================================================================
Received Import Request.
  Time since last request: 0.000357 seconds.
  path: Assets/Settings/UniversalRP-MediumQuality.asset
  artifactKey: Guid(d847b876476d3d6468f5dfcd34266f96) Importer(815301076,1909f56bfc062723c751e8b465ee728b)
Start importing Assets/Settings/UniversalRP-MediumQuality.asset using Guid(d847b876476d3d6468f5dfcd34266f96) Importer(815301076,1909f56bfc062723c751e8b465ee728b)  -> (artifact id: '04d62b78ab76e62c40bc3c006a4b7521') in 0.075130 seconds 
========================================================================
Received Import Request.
  Time since last request: 0.000422 seconds.
  path: Assets/Settings/UniversalRP-HighQuality.asset
  artifactKey: Guid(19ba41d7c0026c3459d37c2fe90c55a0) Importer(815301076,1909f56bfc062723c751e8b465ee728b)
Start importing Assets/Settings/UniversalRP-HighQuality.asset using Guid(19ba41d7c0026c3459d37c2fe90c55a0) Importer(815301076,1909f56bfc062723c751e8b465ee728b)  -> (artifact id: '5ccae8ed7a326b58a8cc54a2186d4f73') in 0.149299 seconds 
========================================================================
Received Import Request.
  Time since last request: 1597.559331 seconds.
  path: Assets/Shaders/Water.shadergraph
  artifactKey: Guid(a00e61831c53ef74b907cd8574d49d8e) Importer(815301076,1909f56bfc062723c751e8b465ee728b)
Start importing Assets/Shaders/Water.shadergraph using Guid(a00e61831c53ef74b907cd8574d49d8e) Importer(815301076,1909f56bfc062723c751e8b465ee728b)  -> (artifact id: 'a9718305e63919b5ae050231cac8cebb') in 0.065629 seconds 
========================================================================
Received Import Request.
  Time since last request: 37.475853 seconds.
  path: Assets/Shaders/Water.shadergraph
  artifactKey: Guid(a00e61831c53ef74b907cd8574d49d8e) Importer(815301076,1909f56bfc062723c751e8b465ee728b)
Start importing Assets/Shaders/Water.shadergraph using Guid(a00e61831c53ef74b907cd8574d49d8e) Importer(815301076,1909f56bfc062723c751e8b465ee728b)  -> (artifact id: '4e3e13e488e14358ac60b877dac461a2') in 0.006207 seconds 
========================================================================
Received Import Request.
  Time since last request: 500.840008 seconds.
  path: Assets/Video FX/Bottle zhizha.vfx
  artifactKey: Guid(3d6476da58f4bcb4fbb6ee60073669dd) Importer(815301076,1909f56bfc062723c751e8b465ee728b)
Start importing Assets/Video FX/Bottle zhizha.vfx using Guid(3d6476da58f4bcb4fbb6ee60073669dd) Importer(815301076,1909f56bfc062723c751e8b465ee728b)  -> (artifact id: '55c2cb14fbdd8c7f36038410b72f070f') in 0.569069 seconds 
========================================================================
Received Import Request.
  Time since last request: 0.000379 seconds.
  path: Assets/Scenes/sb_test_grid/ReflectionProbe-8.exr
  artifactKey: Guid(653ae591265ac364db528b708f4b3bbf) Importer(815301076,1909f56bfc062723c751e8b465ee728b)
Start importing Assets/Scenes/sb_test_grid/ReflectionProbe-8.exr using Guid(653ae591265ac364db528b708f4b3bbf) Importer(815301076,1909f56bfc062723c751e8b465ee728b)  -> (artifact id: '1d4c3296e744fa894a36bb949276d602') in 0.230576 seconds 
========================================================================
Received Import Request.
  Time since last request: 0.000529 seconds.
  path: Assets/ExampleAssets/Prefabs/Paint Supplies.prefab
  artifactKey: Guid(283e6530a665e4513959d1cd4883682f) Importer(815301076,1909f56bfc062723c751e8b465ee728b)
Start importing Assets/ExampleAssets/Prefabs/Paint Supplies.prefab using Guid(283e6530a665e4513959d1cd4883682f) Importer(815301076,1909f56bfc062723c751e8b465ee728b)  -> (artifact id: '62b5a261c2bfc66e84c83c897bf34b0a') in 1.716658 seconds 
========================================================================
Received Import Request.
  Time since last request: 0.000531 seconds.
  path: Assets/Scenes/sb_test_grid/ReflectionProbe-7.exr
  artifactKey: Guid(082583503e8192b4ca195bfeee6ef3a8) Importer(815301076,1909f56bfc062723c751e8b465ee728b)
Start importing Assets/Scenes/sb_test_grid/ReflectionProbe-7.exr using Guid(082583503e8192b4ca195bfeee6ef3a8) Importer(815301076,1909f56bfc062723c751e8b465ee728b)  -> (artifact id: '95f158ce7dfeefbdc9cc3c8962efc60d') in 0.154439 seconds 
========================================================================
Received Import Request.
  Time since last request: 0.000699 seconds.
  path: Assets/ExampleAssets/Textures/Props/Paint/Paint5G_AlbedoSmoothness.tif
  artifactKey: Guid(5d25a5cd577a4c54e94fdf9cc6f1a631) Importer(815301076,1909f56bfc062723c751e8b465ee728b)
Start importing Assets/ExampleAssets/Textures/Props/Paint/Paint5G_AlbedoSmoothness.tif using Guid(5d25a5cd577a4c54e94fdf9cc6f1a631) Importer(815301076,1909f56bfc062723c751e8b465ee728b)  -> (artifact id: '6f6f001f0df92c4e67e2daa45115c45a') in 0.233883 seconds 
========================================================================
Received Import Request.
  Time since last request: 0.000406 seconds.
  path: Assets/ExampleAssets/Prefabs/Construction Light Low.prefab
  artifactKey: Guid(bf0a225a9ff184f2789f3036faaa9150) Importer(815301076,1909f56bfc062723c751e8b465ee728b)
Start importing Assets/ExampleAssets/Prefabs/Construction Light Low.prefab using Guid(bf0a225a9ff184f2789f3036faaa9150) Importer(815301076,1909f56bfc062723c751e8b465ee728b)  -> (artifact id: 'b9f74b3dba46066064816d7e6692d99d') in 0.345116 seconds 
========================================================================
Received Import Request.
  Time since last request: 0.000449 seconds.
  path: Assets/ExampleAssets/Textures/Props/Paint/Paint1G_Normal.tif
  artifactKey: Guid(ac80c335ebd6dde4fa54a82050064545) Importer(815301076,1909f56bfc062723c751e8b465ee728b)
Start importing Assets/ExampleAssets/Textures/Props/Paint/Paint1G_Normal.tif using Guid(ac80c335ebd6dde4fa54a82050064545) Importer(815301076,1909f56bfc062723c751e8b465ee728b)  -> (artifact id: '66e5b1630ee5cdace012ab864e836e42') in 0.419821 seconds 
========================================================================
Received Import Request.
  Time since last request: 0.000533 seconds.
  path: Assets/Sounds/1911/reload1.wav
  artifactKey: Guid(3b1847aa15f7cca47b4d193228a6604b) Importer(815301076,1909f56bfc062723c751e8b465ee728b)
Start importing Assets/Sounds/1911/reload1.wav using Guid(3b1847aa15f7cca47b4d193228a6604b) Importer(815301076,1909f56bfc062723c751e8b465ee728b)  -> (artifact id: 'b6d62a20e400de4826ea82167daac4d0') in 0.782437 seconds 
========================================================================
Received Import Request.
  Time since last request: 0.000401 seconds.
  path: Assets/ExampleAssets/Textures/Props/Paint/Paint1G_MetallicOcculusionRoughness.tif
  artifactKey: Guid(ca084ebab0cef7c4ba746cdb442f9c1e) Importer(815301076,1909f56bfc062723c751e8b465ee728b)
Start importing Assets/ExampleAssets/Textures/Props/Paint/Paint1G_MetallicOcculusionRoughness.tif using Guid(ca084ebab0cef7c4ba746cdb442f9c1e) Importer(815301076,1909f56bfc062723c751e8b465ee728b)  -> (artifact id: 'c5c987bfd8ef9593195249412ccba40d') in 0.071199 seconds 
========================================================================
Received Import Request.
  Time since last request: 0.000396 seconds.
  path: Assets/ExampleAssets/Models/paintbucket_low.fbx
  artifactKey: Guid(b451a052397f03c4f8a04d915d1c0492) Importer(815301076,1909f56bfc062723c751e8b465ee728b)
Start importing Assets/ExampleAssets/Models/paintbucket_low.fbx using Guid(b451a052397f03c4f8a04d915d1c0492) Importer(815301076,1909f56bfc062723c751e8b465ee728b)  -> (artifact id: '4a866d580b935af77518c8c2dc32a631') in 0.402204 seconds 
========================================================================
Received Import Request.
  Time since last request: 0.000644 seconds.
  path: Assets/Scenes/sb_test_grid/ReflectionProbe-9.exr
  artifactKey: Guid(f963412ce287f5d48be5772c27fdfc37) Importer(815301076,1909f56bfc062723c751e8b465ee728b)
Start importing Assets/Scenes/sb_test_grid/ReflectionProbe-9.exr using Guid(f963412ce287f5d48be5772c27fdfc37) Importer(815301076,1909f56bfc062723c751e8b465ee728b)  -> (artifact id: '6eeb2df0efcf22f5202dcbbc463613d4') in 0.135551 seconds 
========================================================================
Received Import Request.
  Time since last request: 0.000557 seconds.
  path: Assets/ExampleAssets/Textures/Props/Paint/Paint1G_Albedo.tif
  artifactKey: Guid(2de0d72a6700bd94ea57111b29e246fc) Importer(815301076,1909f56bfc062723c751e8b465ee728b)
Start importing Assets/ExampleAssets/Textures/Props/Paint/Paint1G_Albedo.tif using Guid(2de0d72a6700bd94ea57111b29e246fc) Importer(815301076,1909f56bfc062723c751e8b465ee728b)  -> (artifact id: '8a46e74006fd3f1c7c6c39e95a16cfad') in 0.079906 seconds 
========================================================================
Received Import Request.
  Time since last request: 0.000428 seconds.
  path: Assets/Presets/Defaults/AlbedoTexture_Default.preset
  artifactKey: Guid(e8537455c6c08bd4e8bf0be3707da685) Importer(815301076,1909f56bfc062723c751e8b465ee728b)
Start importing Assets/Presets/Defaults/AlbedoTexture_Default.preset using Guid(e8537455c6c08bd4e8bf0be3707da685) Importer(815301076,1909f56bfc062723c751e8b465ee728b)  -> (artifact id: 'a39f5c6fcb9ea97bf434963b23d33ea7') in 0.166964 seconds 
========================================================================
Received Import Request.
  Time since last request: 0.000486 seconds.
  path: Assets/Sounds/1911/reload2.wav
  artifactKey: Guid(839164e348c97fd44abb971e4024be2d) Importer(815301076,1909f56bfc062723c751e8b465ee728b)
Start importing Assets/Sounds/1911/reload2.wav using Guid(839164e348c97fd44abb971e4024be2d) Importer(815301076,1909f56bfc062723c751e8b465ee728b)  -> (artifact id: '49f2604a379595f8912c863b79f2653a') in 0.106045 seconds 
========================================================================
Received Import Request.
  Time since last request: 0.000358 seconds.
  path: Assets/ExampleAssets/Materials/Paint1G_WAnim_Material.mat
  artifactKey: Guid(55c183dc45153be48a45c4e530127fb3) Importer(815301076,1909f56bfc062723c751e8b465ee728b)
Start importing Assets/ExampleAssets/Materials/Paint1G_WAnim_Material.mat using Guid(55c183dc45153be48a45c4e530127fb3) Importer(815301076,1909f56bfc062723c751e8b465ee728b)  -> (artifact id: '7b31a38aa84ec72b691f75649480a6fe') in 0.111011 seconds 
========================================================================
Received Import Request.
  Time since last request: 3442.324596 seconds.
  path: Assets/Materials/Special/Wall WIP.mat
  artifactKey: Guid(37ab333213f13a747bd03f10de5f5ba8) Importer(815301076,1909f56bfc062723c751e8b465ee728b)
Start importing Assets/Materials/Special/Wall WIP.mat using Guid(37ab333213f13a747bd03f10de5f5ba8) Importer(815301076,1909f56bfc062723c751e8b465ee728b)  -> (artifact id: 'a651772d5463ac734a75e43e93eaf57f') in 0.545659 seconds 
AssetImportWorkerClient::OnTransportError - code=2 error=End of file
