Using pre-set license
Built from '2020.3/staging' branch; Version is '2020.3.39f1 (fd6670bb8be9) revision 16606832'; Using compiler version '192528614'; Build Type 'Release'
OS: 'Windows 10  (10.0.19044) 64bit CoreSingleLanguage' Language: 'ru' Physical Memory: 5959 MB
BatchMode: 1, IsHumanControllingUs: 0, StartBugReporterOnCrash: 0, Is64bit: 1, IsPro: 0

COMMAND LINE ARGUMENTS:
C:\Program Files\Unity\Hub\Editor\2020.3.39f1\Editor\Unity.exe
-adb2
-batchMode
-noUpm
-name
AssetImportWorker0
-projectPath
C:/Users/evges/Sandbox
-logFile
Logs/AssetImportWorker0.log
-srvPort
49344
Successfully changed project path to: C:/Users/evges/Sandbox
C:/Users/evges/Sandbox
Using Asset Import Pipeline V2.
Refreshing native plugins compatible for Editor in 325.55 ms, found 3 plugins.
Preloading 0 native plugins for Editor in 0.00 ms.
Initialize engine version: 2020.3.39f1 (fd6670bb8be9)
[Subsystems] Discovering subsystems at path C:/Program Files/Unity/Hub/Editor/2020.3.39f1/Editor/Data/Resources/UnitySubsystems
[Subsystems] Discovering subsystems at path C:/Users/evges/Sandbox/Assets
GfxDevice: creating device client; threaded=0
Direct3D:
    Version:  Direct3D 11.0 [level 11.0]
    Renderer: Intel(R) HD Graphics 4000 (ID=0x166)
    Vendor:   
    VRAM:     128 MB
    Driver:   10.18.10.4252
Initialize mono
Mono path[0] = 'C:/Program Files/Unity/Hub/Editor/2020.3.39f1/Editor/Data/Managed'
Mono path[1] = 'C:/Program Files/Unity/Hub/Editor/2020.3.39f1/Editor/Data/MonoBleedingEdge/lib/mono/unityjit'
Mono config path = 'C:/Program Files/Unity/Hub/Editor/2020.3.39f1/Editor/Data/MonoBleedingEdge/etc'
Using monoOptions --debugger-agent=transport=dt_socket,embedding=1,server=y,suspend=n,address=127.0.0.1:56584
Begin MonoManager ReloadAssembly
Registering precompiled unity dll's ...
Register platform support module: C:/Program Files/Unity/Hub/Editor/2020.3.39f1/Editor/Data/PlaybackEngines/WindowsStandaloneSupport/UnityEditor.WindowsStandalone.Extensions.dll
Registered in 0.153820 seconds.
Native extension for WindowsStandalone target not found
Refreshing native plugins compatible for Editor in 167.17 ms, found 3 plugins.
Preloading 0 native plugins for Editor in 0.00 ms.
Mono: successfully reloaded assembly
- Completed reload, in  4.867 seconds
Domain Reload Profiling:
	ReloadAssembly (4867ms)
		BeginReloadAssembly (2914ms)
			ExecutionOrderSort (0ms)
			DisableScriptedObjects (0ms)
			BackupInstance (0ms)
			ReleaseScriptingObjects (0ms)
			CreateAndSetChildDomain (1ms)
		EndReloadAssembly (1660ms)
			LoadAssemblies (2895ms)
			RebuildTransferFunctionScriptingTraits (0ms)
			SetupTypeCache (272ms)
			ReleaseScriptCaches (0ms)
			RebuildScriptCaches (60ms)
			SetupLoadedEditorAssemblies (530ms)
				LogAssemblyErrors (0ms)
				InitializePlatformSupportModulesInManaged (11ms)
				SetLoadedEditorAssemblies (1ms)
				RefreshPlugins (167ms)
				BeforeProcessingInitializeOnLoad (16ms)
				ProcessInitializeOnLoadAttributes (265ms)
				ProcessInitializeOnLoadMethodAttributes (70ms)
				AfterProcessingInitializeOnLoad (0ms)
				EditorAssembliesLoaded (0ms)
			ExecutionOrderSort2 (0ms)
			AwakeInstancesAfterBackupRestoration (0ms)
Platform modules already initialized, skipping
Registering precompiled user dll's ...
Registered in 0.027429 seconds.
Begin MonoManager ReloadAssembly
Native extension for WindowsStandalone target not found
Refreshing native plugins compatible for Editor in 138.58 ms, found 3 plugins.
Preloading 0 native plugins for Editor in 0.00 ms.
Mono: successfully reloaded assembly
- Completed reload, in  9.959 seconds
Domain Reload Profiling:
	ReloadAssembly (9990ms)
		BeginReloadAssembly (815ms)
			ExecutionOrderSort (0ms)
			DisableScriptedObjects (42ms)
			BackupInstance (0ms)
			ReleaseScriptingObjects (0ms)
			CreateAndSetChildDomain (208ms)
		EndReloadAssembly (9028ms)
			LoadAssemblies (3188ms)
			RebuildTransferFunctionScriptingTraits (0ms)
			SetupTypeCache (3219ms)
			ReleaseScriptCaches (1ms)
			RebuildScriptCaches (147ms)
			SetupLoadedEditorAssemblies (2295ms)
				LogAssemblyErrors (0ms)
				InitializePlatformSupportModulesInManaged (6ms)
				SetLoadedEditorAssemblies (0ms)
				RefreshPlugins (139ms)
				BeforeProcessingInitializeOnLoad (154ms)
				ProcessInitializeOnLoadAttributes (1841ms)
				ProcessInitializeOnLoadMethodAttributes (141ms)
				AfterProcessingInitializeOnLoad (13ms)
				EditorAssembliesLoaded (0ms)
			ExecutionOrderSort2 (0ms)
			AwakeInstancesAfterBackupRestoration (3ms)
Platform modules already initialized, skipping
========================================================================
Worker process is ready to serve import requests
Launched and connected shader compiler UnityShaderCompiler.exe after 0.89 seconds
Refreshing native plugins compatible for Editor in 2.02 ms, found 3 plugins.
Preloading 0 native plugins for Editor in 0.00 ms.
Unloading 3774 Unused Serialized files (Serialized files now loaded: 0)
System memory in use before: 181.7 MB.
System memory in use after: 181.9 MB.

Unloading 33 unused Assets to reduce memory usage. Loaded Objects now: 4319.
Total: 978.634400 ms (FindLiveObjects: 0.736000 ms CreateObjectMapping: 0.485200 ms MarkObjects: 977.215500 ms  DeleteObjects: 0.194500 ms)

AssetImportParameters requested are different than current active one (requested -> active):
  custom:framework-win-MediaFoundation: 216162199b28c13a410421893ffa2e32 -> 
  custom:video-decoder-ogg-theora: a1e56fd34408186e4bbccfd4996cb3dc -> 
  custom:container-muxer-webm: aa71ff27fc2769a1b78a27578f13a17b -> 
  custom:container-demuxer-webm: 4f35f7cbe854078d1ac9338744f61a02 -> 
  custom:container-demuxer-ogg: 62fdf1f143b41e24485cea50d1cbac27 -> 
  custom:video-encoder-webm-vp8: eb34c28f22e8b96e1ab97ce403110664 -> 
  custom:video-decoder-webm-vp8: 9c59270c3fd7afecdb556c50c9e8de78 -> 
  custom:audio-decoder-ogg-vorbis: bf7c407c2cedff20999df2af8eb42d56 -> 
  custom:audio-encoder-webm-vorbis: bf7c407c2cedff20999df2af8eb42d56 -> 
========================================================================
Received Import Request.
  path: Assets/Models/prop_doors/door1.fbx
  artifactKey: Guid(d8c5d85c70d460241bd34b32f07df0fc) Importer(815301076,1909f56bfc062723c751e8b465ee728b)
Start importing Assets/Models/prop_doors/door1.fbx using Guid(d8c5d85c70d460241bd34b32f07df0fc) Importer(815301076,1909f56bfc062723c751e8b465ee728b)  -> (artifact id: '79f667251400d60463d1b0c2c06eb185') in 4.859216 seconds 
========================================================================
Received Import Request.
  Time since last request: 931.429585 seconds.
  path: Assets/Materials/Concrete/Floors/Ground grid 2.mat
  artifactKey: Guid(04aa31a769a1cb14fb37c9b20c2abf21) Importer(815301076,1909f56bfc062723c751e8b465ee728b)
Start importing Assets/Materials/Concrete/Floors/Ground grid 2.mat using Guid(04aa31a769a1cb14fb37c9b20c2abf21) Importer(815301076,1909f56bfc062723c751e8b465ee728b)  -> (artifact id: 'd55499fa03411f39071b4bc06a91dc28') in 2.903965 seconds 
========================================================================
Received Import Request.
  Time since last request: 1458.374335 seconds.
  path: Assets/Models/props_testzone/door.fbx
  artifactKey: Guid(d418660feba3998409ca8a3682b5a440) Importer(815301076,1909f56bfc062723c751e8b465ee728b)
Start importing Assets/Models/props_testzone/door.fbx using Guid(d418660feba3998409ca8a3682b5a440) Importer(815301076,1909f56bfc062723c751e8b465ee728b)  -> (artifact id: 'ae20376b4577c354349dfca98d8a5172') in 1.795629 seconds 
========================================================================
Received Import Request.
  Time since last request: 228.420187 seconds.
  path: Assets/Models/props_testzone/door.fbx
  artifactKey: Guid(d418660feba3998409ca8a3682b5a440) Importer(815301076,1909f56bfc062723c751e8b465ee728b)
Start importing Assets/Models/props_testzone/door.fbx using Guid(d418660feba3998409ca8a3682b5a440) Importer(815301076,1909f56bfc062723c751e8b465ee728b)  -> (artifact id: '6124a4e15f4c43606aa7edfef4ff0b61') in 0.216783 seconds 
========================================================================
Received Import Request.
  Time since last request: 1086.918517 seconds.
  path: Assets/Shaders/Overlays
  artifactKey: Guid(7df6e5b19e57aa845855df28c4ff980e) Importer(815301076,1909f56bfc062723c751e8b465ee728b)
Start importing Assets/Shaders/Overlays using Guid(7df6e5b19e57aa845855df28c4ff980e) Importer(815301076,1909f56bfc062723c751e8b465ee728b)  -> (artifact id: 'e4ab9d5003683bc43987f674a0bc1c7b') in 0.190126 seconds 
========================================================================
Received Import Request.
  Time since last request: 27.343813 seconds.
  path: Assets/Shaders/Overlays/Flashbang.shadergraph
  artifactKey: Guid(23c0860f52f1e2e4ca81d1ecd9197f93) Importer(815301076,1909f56bfc062723c751e8b465ee728b)
Start importing Assets/Shaders/Overlays/Flashbang.shadergraph using Guid(23c0860f52f1e2e4ca81d1ecd9197f93) Importer(815301076,1909f56bfc062723c751e8b465ee728b)  -> (artifact id: '8a5d9d7d0fc5133115737fe4041596e9') in 1.302639 seconds 
========================================================================
Received Import Request.
  Time since last request: 26.609619 seconds.
  path: Assets/Shaders/Overlays/Bang.mat
  artifactKey: Guid(4353156fb7b71264d99a6b2cff9db3b8) Importer(815301076,1909f56bfc062723c751e8b465ee728b)
Start importing Assets/Shaders/Overlays/Bang.mat using Guid(4353156fb7b71264d99a6b2cff9db3b8) Importer(815301076,1909f56bfc062723c751e8b465ee728b)  -> (artifact id: 'e1320d4098bb1c7123acef7661bb41b1') in 0.882252 seconds 
========================================================================
Received Import Request.
  Time since last request: 104.846919 seconds.
  path: Assets/Shaders/Overlays/New Material.mat
  artifactKey: Guid(06f045a7d1f0ceb4a90e4e2806dfefad) Importer(815301076,1909f56bfc062723c751e8b465ee728b)
Start importing Assets/Shaders/Overlays/New Material.mat using Guid(06f045a7d1f0ceb4a90e4e2806dfefad) Importer(815301076,1909f56bfc062723c751e8b465ee728b)  -> (artifact id: '67a5a0e0ea04488954bc0eee07162f01') in 0.400218 seconds 
========================================================================
Received Prepare
Registering precompiled user dll's ...
Registered in 0.187615 seconds.
Begin MonoManager ReloadAssembly
Native extension for WindowsStandalone target not found
Refreshing native plugins compatible for Editor in 31.14 ms, found 3 plugins.
Preloading 0 native plugins for Editor in 0.00 ms.
Mono: successfully reloaded assembly
- Completed reload, in 23.399 seconds
Domain Reload Profiling:
	ReloadAssembly (23986ms)
		BeginReloadAssembly (16774ms)
			ExecutionOrderSort (0ms)
			DisableScriptedObjects (1386ms)
			BackupInstance (0ms)
			ReleaseScriptingObjects (0ms)
			CreateAndSetChildDomain (10370ms)
		EndReloadAssembly (6220ms)
			LoadAssemblies (2200ms)
			RebuildTransferFunctionScriptingTraits (29ms)
			SetupTypeCache (2196ms)
			ReleaseScriptCaches (3ms)
			RebuildScriptCaches (169ms)
			SetupLoadedEditorAssemblies (1626ms)
				LogAssemblyErrors (0ms)
				InitializePlatformSupportModulesInManaged (10ms)
				SetLoadedEditorAssemblies (2ms)
				RefreshPlugins (32ms)
				BeforeProcessingInitializeOnLoad (323ms)
				ProcessInitializeOnLoadAttributes (1096ms)
				ProcessInitializeOnLoadMethodAttributes (25ms)
				AfterProcessingInitializeOnLoad (13ms)
				EditorAssembliesLoaded (126ms)
			ExecutionOrderSort2 (0ms)
			AwakeInstancesAfterBackupRestoration (22ms)
Platform modules already initialized, skipping
Refreshing native plugins compatible for Editor in 2.10 ms, found 3 plugins.
Preloading 0 native plugins for Editor in 0.00 ms.
Unloading 3598 Unused Serialized files (Serialized files now loaded: 0)
System memory in use before: 173.5 MB.
System memory in use after: 173.8 MB.

Unloading 28 unused Assets to reduce memory usage. Loaded Objects now: 4406.
Total: 83.675900 ms (FindLiveObjects: 3.955400 ms CreateObjectMapping: 8.486500 ms MarkObjects: 68.752800 ms  DeleteObjects: 2.471800 ms)

AssetImportParameters requested are different than current active one (requested -> active):
  custom:framework-win-MediaFoundation: 216162199b28c13a410421893ffa2e32 -> 
  custom:video-decoder-ogg-theora: a1e56fd34408186e4bbccfd4996cb3dc -> 
  custom:container-muxer-webm: aa71ff27fc2769a1b78a27578f13a17b -> 
  custom:container-demuxer-webm: 4f35f7cbe854078d1ac9338744f61a02 -> 
  custom:container-demuxer-ogg: 62fdf1f143b41e24485cea50d1cbac27 -> 
  custom:video-encoder-webm-vp8: eb34c28f22e8b96e1ab97ce403110664 -> 
  custom:video-decoder-webm-vp8: 9c59270c3fd7afecdb556c50c9e8de78 -> 
  custom:audio-decoder-ogg-vorbis: bf7c407c2cedff20999df2af8eb42d56 -> 
  custom:audio-encoder-webm-vorbis: bf7c407c2cedff20999df2af8eb42d56 -> 
========================================================================
Received Import Request.
  Time since last request: 3953.913591 seconds.
  path: Assets/Shaders/Overlays/Blindness.shadergraph
  artifactKey: Guid(23c0860f52f1e2e4ca81d1ecd9197f93) Importer(815301076,1909f56bfc062723c751e8b465ee728b)
Start importing Assets/Shaders/Overlays/Blindness.shadergraph using Guid(23c0860f52f1e2e4ca81d1ecd9197f93) Importer(815301076,1909f56bfc062723c751e8b465ee728b)  -> (artifact id: '48feee6ba9e942cc558c72dd055b6081') in 0.226928 seconds 
========================================================================
Received Import Request.
  Time since last request: 1.665705 seconds.
  path: Assets/Shaders/Overlays/Blindness.shadergraph
  artifactKey: Guid(23c0860f52f1e2e4ca81d1ecd9197f93) Importer(815301076,1909f56bfc062723c751e8b465ee728b)
Start importing Assets/Shaders/Overlays/Blindness.shadergraph using Guid(23c0860f52f1e2e4ca81d1ecd9197f93) Importer(815301076,1909f56bfc062723c751e8b465ee728b)  -> (artifact id: 'c9aecb87e23d40c8e0a2e74688dcf7a6') in 0.008645 seconds 
========================================================================
Received Import Request.
  Time since last request: 13.680510 seconds.
  path: Assets/Shaders/Overlays/Blindness.shadergraph
  artifactKey: Guid(23c0860f52f1e2e4ca81d1ecd9197f93) Importer(815301076,1909f56bfc062723c751e8b465ee728b)
Start importing Assets/Shaders/Overlays/Blindness.shadergraph using Guid(23c0860f52f1e2e4ca81d1ecd9197f93) Importer(815301076,1909f56bfc062723c751e8b465ee728b)  -> (artifact id: 'd79e052e17607f1b4015f9ccf232440b') in 0.005419 seconds 
========================================================================
Received Import Request.
  Time since last request: 7.777916 seconds.
  path: Assets/Shaders/Overlays/Blindness.shadergraph
  artifactKey: Guid(23c0860f52f1e2e4ca81d1ecd9197f93) Importer(815301076,1909f56bfc062723c751e8b465ee728b)
Start importing Assets/Shaders/Overlays/Blindness.shadergraph using Guid(23c0860f52f1e2e4ca81d1ecd9197f93) Importer(815301076,1909f56bfc062723c751e8b465ee728b)  -> (artifact id: 'b276c084ee63b6d3278651493583a8b6') in 0.038908 seconds 
========================================================================
Received Import Request.
  Time since last request: 10.308470 seconds.
  path: Assets/Shaders/Overlays/Blindness.shadergraph
  artifactKey: Guid(23c0860f52f1e2e4ca81d1ecd9197f93) Importer(815301076,1909f56bfc062723c751e8b465ee728b)
Start importing Assets/Shaders/Overlays/Blindness.shadergraph using Guid(23c0860f52f1e2e4ca81d1ecd9197f93) Importer(815301076,1909f56bfc062723c751e8b465ee728b)  -> (artifact id: '8b10cc2701ab272bd307cba7f009608b') in 0.007274 seconds 
========================================================================
Received Import Request.
  Time since last request: 19.311510 seconds.
  path: Assets/Shaders/Overlays/Blindness.mat
  artifactKey: Guid(4353156fb7b71264d99a6b2cff9db3b8) Importer(815301076,1909f56bfc062723c751e8b465ee728b)
Start importing Assets/Shaders/Overlays/Blindness.mat using Guid(4353156fb7b71264d99a6b2cff9db3b8) Importer(815301076,1909f56bfc062723c751e8b465ee728b)  -> (artifact id: '09b5b0b7151ace6d37d3e550cd4de83f') in 0.565048 seconds 
========================================================================
Received Import Request.
  Time since last request: 59.173925 seconds.
  path: Assets/Shaders/Overlays/Nightvision.shadergraph
  artifactKey: Guid(1ce2dfe7f07a2564bb7b7040845ab12b) Importer(815301076,1909f56bfc062723c751e8b465ee728b)
Start importing Assets/Shaders/Overlays/Nightvision.shadergraph using Guid(1ce2dfe7f07a2564bb7b7040845ab12b) Importer(815301076,1909f56bfc062723c751e8b465ee728b)  -> (artifact id: '2a9816ec367b9bcb3ca58fcbd6a0b36f') in 0.070208 seconds 
========================================================================
Received Import Request.
  Time since last request: 21.847828 seconds.
  path: Assets/Shaders/Overlays/Nightvision.mat
  artifactKey: Guid(7000d09911cda0e49be1ac981417f3cd) Importer(815301076,1909f56bfc062723c751e8b465ee728b)
Start importing Assets/Shaders/Overlays/Nightvision.mat using Guid(7000d09911cda0e49be1ac981417f3cd) Importer(815301076,1909f56bfc062723c751e8b465ee728b)  -> (artifact id: '911ae17d49ce5efbc7b270087cfa7e3b') in 0.103733 seconds 
========================================================================
Received Import Request.
  Time since last request: 67.182973 seconds.
  path: Assets/Shaders/Overlays/Nightvision.shadergraph
  artifactKey: Guid(1ce2dfe7f07a2564bb7b7040845ab12b) Importer(815301076,1909f56bfc062723c751e8b465ee728b)
Start importing Assets/Shaders/Overlays/Nightvision.shadergraph using Guid(1ce2dfe7f07a2564bb7b7040845ab12b) Importer(815301076,1909f56bfc062723c751e8b465ee728b)  -> (artifact id: 'd4473c25f5bfa1b1d2c8c8cde9eed4b6') in 0.012861 seconds 
========================================================================
Received Import Request.
  Time since last request: 17.221363 seconds.
  path: Assets/Shaders/Overlays/Nightvision.shadergraph
  artifactKey: Guid(1ce2dfe7f07a2564bb7b7040845ab12b) Importer(815301076,1909f56bfc062723c751e8b465ee728b)
Start importing Assets/Shaders/Overlays/Nightvision.shadergraph using Guid(1ce2dfe7f07a2564bb7b7040845ab12b) Importer(815301076,1909f56bfc062723c751e8b465ee728b)  -> (artifact id: '8df0e9ca8efe6cb1d913fcd10981ad6f') in 0.014861 seconds 
========================================================================
Received Import Request.
  Time since last request: 4.118586 seconds.
  path: Assets/Shaders/Overlays/Nightvision.shadergraph
  artifactKey: Guid(1ce2dfe7f07a2564bb7b7040845ab12b) Importer(815301076,1909f56bfc062723c751e8b465ee728b)
Start importing Assets/Shaders/Overlays/Nightvision.shadergraph using Guid(1ce2dfe7f07a2564bb7b7040845ab12b) Importer(815301076,1909f56bfc062723c751e8b465ee728b)  -> (artifact id: '2cd6957ad574c14f3bd3eb3ed1f4e8a5') in 0.013135 seconds 
========================================================================
Received Import Request.
  Time since last request: 6.484872 seconds.
  path: Assets/Shaders/Overlays/Nightvision.shadergraph
  artifactKey: Guid(1ce2dfe7f07a2564bb7b7040845ab12b) Importer(815301076,1909f56bfc062723c751e8b465ee728b)
Start importing Assets/Shaders/Overlays/Nightvision.shadergraph using Guid(1ce2dfe7f07a2564bb7b7040845ab12b) Importer(815301076,1909f56bfc062723c751e8b465ee728b)  -> (artifact id: '9a17d5910ce020c5c1ca6fc09129f6bf') in 0.006742 seconds 
========================================================================
Received Import Request.
  Time since last request: 21.279315 seconds.
  path: Assets/Shaders/Overlays/Nightvision.shadergraph
  artifactKey: Guid(1ce2dfe7f07a2564bb7b7040845ab12b) Importer(815301076,1909f56bfc062723c751e8b465ee728b)
Start importing Assets/Shaders/Overlays/Nightvision.shadergraph using Guid(1ce2dfe7f07a2564bb7b7040845ab12b) Importer(815301076,1909f56bfc062723c751e8b465ee728b)  -> (artifact id: 'cfcdb0afddcdbabb9287d198dcc0fca2') in 0.010200 seconds 
========================================================================
Received Import Request.
  Time since last request: 67.066752 seconds.
  path: Assets/Shaders/Overlays/Nightvision.shadergraph
  artifactKey: Guid(1ce2dfe7f07a2564bb7b7040845ab12b) Importer(815301076,1909f56bfc062723c751e8b465ee728b)
Start importing Assets/Shaders/Overlays/Nightvision.shadergraph using Guid(1ce2dfe7f07a2564bb7b7040845ab12b) Importer(815301076,1909f56bfc062723c751e8b465ee728b)  -> (artifact id: 'b744b7aacc2b93a7c4fc3eed1bfe5c9b') in 0.010494 seconds 
========================================================================
Received Import Request.
  Time since last request: 7.096472 seconds.
  path: Assets/Shaders/Overlays/Nightvision.shadergraph
  artifactKey: Guid(1ce2dfe7f07a2564bb7b7040845ab12b) Importer(815301076,1909f56bfc062723c751e8b465ee728b)
Start importing Assets/Shaders/Overlays/Nightvision.shadergraph using Guid(1ce2dfe7f07a2564bb7b7040845ab12b) Importer(815301076,1909f56bfc062723c751e8b465ee728b)  -> (artifact id: '38ea340899e1f7ce190d33bb555e79a5') in 0.013504 seconds 
========================================================================
Received Prepare
Registering precompiled user dll's ...
Registered in 0.022987 seconds.
Begin MonoManager ReloadAssembly
Native extension for WindowsStandalone target not found
Refreshing native plugins compatible for Editor in 1.54 ms, found 3 plugins.
Preloading 0 native plugins for Editor in 0.00 ms.
Mono: successfully reloaded assembly
- Completed reload, in  6.189 seconds
Domain Reload Profiling:
	ReloadAssembly (6192ms)
		BeginReloadAssembly (867ms)
			ExecutionOrderSort (0ms)
			DisableScriptedObjects (39ms)
			BackupInstance (0ms)
			ReleaseScriptingObjects (0ms)
			CreateAndSetChildDomain (316ms)
		EndReloadAssembly (5031ms)
			LoadAssemblies (768ms)
			RebuildTransferFunctionScriptingTraits (0ms)
			SetupTypeCache (2573ms)
			ReleaseScriptCaches (5ms)
			RebuildScriptCaches (386ms)
			SetupLoadedEditorAssemblies (915ms)
				LogAssemblyErrors (0ms)
				InitializePlatformSupportModulesInManaged (6ms)
				SetLoadedEditorAssemblies (1ms)
				RefreshPlugins (2ms)
				BeforeProcessingInitializeOnLoad (155ms)
				ProcessInitializeOnLoadAttributes (713ms)
				ProcessInitializeOnLoadMethodAttributes (25ms)
				AfterProcessingInitializeOnLoad (14ms)
				EditorAssembliesLoaded (0ms)
			ExecutionOrderSort2 (0ms)
			AwakeInstancesAfterBackupRestoration (19ms)
Platform modules already initialized, skipping
Refreshing native plugins compatible for Editor in 6.93 ms, found 3 plugins.
Preloading 0 native plugins for Editor in 0.00 ms.
Unloading 3598 Unused Serialized files (Serialized files now loaded: 0)
System memory in use before: 173.9 MB.
System memory in use after: 174.1 MB.

Unloading 28 unused Assets to reduce memory usage. Loaded Objects now: 4446.
Total: 34.348700 ms (FindLiveObjects: 1.205600 ms CreateObjectMapping: 0.558200 ms MarkObjects: 32.363200 ms  DeleteObjects: 0.215400 ms)

AssetImportParameters requested are different than current active one (requested -> active):
  custom:framework-win-MediaFoundation: 216162199b28c13a410421893ffa2e32 -> 
  custom:video-decoder-ogg-theora: a1e56fd34408186e4bbccfd4996cb3dc -> 
  custom:container-muxer-webm: aa71ff27fc2769a1b78a27578f13a17b -> 
  custom:container-demuxer-webm: 4f35f7cbe854078d1ac9338744f61a02 -> 
  custom:container-demuxer-ogg: 62fdf1f143b41e24485cea50d1cbac27 -> 
  custom:video-encoder-webm-vp8: eb34c28f22e8b96e1ab97ce403110664 -> 
  custom:video-decoder-webm-vp8: 9c59270c3fd7afecdb556c50c9e8de78 -> 
  custom:audio-decoder-ogg-vorbis: bf7c407c2cedff20999df2af8eb42d56 -> 
  custom:audio-encoder-webm-vorbis: bf7c407c2cedff20999df2af8eb42d56 -> 
========================================================================
Received Import Request.
  Time since last request: 120.532099 seconds.
  path: Assets/Shaders/Overlays/Nightvision.shadergraph
  artifactKey: Guid(1ce2dfe7f07a2564bb7b7040845ab12b) Importer(815301076,1909f56bfc062723c751e8b465ee728b)
Start importing Assets/Shaders/Overlays/Nightvision.shadergraph using Guid(1ce2dfe7f07a2564bb7b7040845ab12b) Importer(815301076,1909f56bfc062723c751e8b465ee728b)  -> (artifact id: '49bf783a7477eb63d65cb1400593c353') in 0.107976 seconds 
========================================================================
Received Import Request.
  Time since last request: 45.092257 seconds.
  path: Assets/Shaders/Overlays/Nightvision.shadergraph
  artifactKey: Guid(1ce2dfe7f07a2564bb7b7040845ab12b) Importer(815301076,1909f56bfc062723c751e8b465ee728b)
Start importing Assets/Shaders/Overlays/Nightvision.shadergraph using Guid(1ce2dfe7f07a2564bb7b7040845ab12b) Importer(815301076,1909f56bfc062723c751e8b465ee728b)  -> (artifact id: '571471605e6ffd56f35db2c39978aeca') in 0.009435 seconds 
========================================================================
Received Import Request.
  Time since last request: 6.599629 seconds.
  path: Assets/Shaders/Overlays/Nightvision.shadergraph
  artifactKey: Guid(1ce2dfe7f07a2564bb7b7040845ab12b) Importer(815301076,1909f56bfc062723c751e8b465ee728b)
Start importing Assets/Shaders/Overlays/Nightvision.shadergraph using Guid(1ce2dfe7f07a2564bb7b7040845ab12b) Importer(815301076,1909f56bfc062723c751e8b465ee728b)  -> (artifact id: '37aa4b6d1642746f6be9bcd0de61d37f') in 0.010666 seconds 
========================================================================
Received Import Request.
  Time since last request: 10.439600 seconds.
  path: Assets/Shaders/Overlays/Nightvision.shadergraph
  artifactKey: Guid(1ce2dfe7f07a2564bb7b7040845ab12b) Importer(815301076,1909f56bfc062723c751e8b465ee728b)
Start importing Assets/Shaders/Overlays/Nightvision.shadergraph using Guid(1ce2dfe7f07a2564bb7b7040845ab12b) Importer(815301076,1909f56bfc062723c751e8b465ee728b)  -> (artifact id: '550b21e19cc10a0e84f66b03dfb39665') in 0.009198 seconds 
========================================================================
Received Import Request.
  Time since last request: 11.391269 seconds.
  path: Assets/Shaders/Overlays/Nightvision.shadergraph
  artifactKey: Guid(1ce2dfe7f07a2564bb7b7040845ab12b) Importer(815301076,1909f56bfc062723c751e8b465ee728b)
Start importing Assets/Shaders/Overlays/Nightvision.shadergraph using Guid(1ce2dfe7f07a2564bb7b7040845ab12b) Importer(815301076,1909f56bfc062723c751e8b465ee728b)  -> (artifact id: '3039f70de21b8ffb094beeb582968fa9') in 0.008724 seconds 
========================================================================
Received Import Request.
  Time since last request: 9.677967 seconds.
  path: Assets/Shaders/Overlays/Nightvision.shadergraph
  artifactKey: Guid(1ce2dfe7f07a2564bb7b7040845ab12b) Importer(815301076,1909f56bfc062723c751e8b465ee728b)
Start importing Assets/Shaders/Overlays/Nightvision.shadergraph using Guid(1ce2dfe7f07a2564bb7b7040845ab12b) Importer(815301076,1909f56bfc062723c751e8b465ee728b)  -> (artifact id: '4ddb7ca53d3d31f89edf806cd905a022') in 0.006574 seconds 
========================================================================
Received Import Request.
  Time since last request: 5.459432 seconds.
  path: Assets/Shaders/Overlays/Nightvision.shadergraph
  artifactKey: Guid(1ce2dfe7f07a2564bb7b7040845ab12b) Importer(815301076,1909f56bfc062723c751e8b465ee728b)
Start importing Assets/Shaders/Overlays/Nightvision.shadergraph using Guid(1ce2dfe7f07a2564bb7b7040845ab12b) Importer(815301076,1909f56bfc062723c751e8b465ee728b)  -> (artifact id: 'f9492880ba9a248c4ba7c41c91bdc7e4') in 0.011160 seconds 
========================================================================
Received Import Request.
  Time since last request: 4.367204 seconds.
  path: Assets/Shaders/Overlays/Nightvision.shadergraph
  artifactKey: Guid(1ce2dfe7f07a2564bb7b7040845ab12b) Importer(815301076,1909f56bfc062723c751e8b465ee728b)
Start importing Assets/Shaders/Overlays/Nightvision.shadergraph using Guid(1ce2dfe7f07a2564bb7b7040845ab12b) Importer(815301076,1909f56bfc062723c751e8b465ee728b)  -> (artifact id: 'a4709d0acdc8547d1ff0b981ee76bfb6') in 0.013864 seconds 
========================================================================
Received Import Request.
  Time since last request: 12.282812 seconds.
  path: Assets/Shaders/Overlays/Nightvision.shadergraph
  artifactKey: Guid(1ce2dfe7f07a2564bb7b7040845ab12b) Importer(815301076,1909f56bfc062723c751e8b465ee728b)
Start importing Assets/Shaders/Overlays/Nightvision.shadergraph using Guid(1ce2dfe7f07a2564bb7b7040845ab12b) Importer(815301076,1909f56bfc062723c751e8b465ee728b)  -> (artifact id: '37aa5a1c7da86b734469aaf8a0c88586') in 0.015686 seconds 
========================================================================
Received Import Request.
  Time since last request: 8.132880 seconds.
  path: Assets/Shaders/Overlays/Nightvision.shadergraph
  artifactKey: Guid(1ce2dfe7f07a2564bb7b7040845ab12b) Importer(815301076,1909f56bfc062723c751e8b465ee728b)
Start importing Assets/Shaders/Overlays/Nightvision.shadergraph using Guid(1ce2dfe7f07a2564bb7b7040845ab12b) Importer(815301076,1909f56bfc062723c751e8b465ee728b)  -> (artifact id: 'c92f38171c090052b20a68988a64fd88') in 0.010238 seconds 
========================================================================
Received Import Request.
  Time since last request: 5.804647 seconds.
  path: Assets/Shaders/Overlays/Nightvision.shadergraph
  artifactKey: Guid(1ce2dfe7f07a2564bb7b7040845ab12b) Importer(815301076,1909f56bfc062723c751e8b465ee728b)
Start importing Assets/Shaders/Overlays/Nightvision.shadergraph using Guid(1ce2dfe7f07a2564bb7b7040845ab12b) Importer(815301076,1909f56bfc062723c751e8b465ee728b)  -> (artifact id: 'a9e41ccba109681f68824004e96efe69') in 0.009222 seconds 
========================================================================
Received Import Request.
  Time since last request: 5.312022 seconds.
  path: Assets/Shaders/Overlays/Nightvision.shadergraph
  artifactKey: Guid(1ce2dfe7f07a2564bb7b7040845ab12b) Importer(815301076,1909f56bfc062723c751e8b465ee728b)
Start importing Assets/Shaders/Overlays/Nightvision.shadergraph using Guid(1ce2dfe7f07a2564bb7b7040845ab12b) Importer(815301076,1909f56bfc062723c751e8b465ee728b)  -> (artifact id: '02d02812c3cb855700b2c2172d00ead8') in 0.011749 seconds 
========================================================================
Received Import Request.
  Time since last request: 37.559184 seconds.
  path: Assets/Shaders/Overlays/Nightvision.shadergraph
  artifactKey: Guid(1ce2dfe7f07a2564bb7b7040845ab12b) Importer(815301076,1909f56bfc062723c751e8b465ee728b)
Start importing Assets/Shaders/Overlays/Nightvision.shadergraph using Guid(1ce2dfe7f07a2564bb7b7040845ab12b) Importer(815301076,1909f56bfc062723c751e8b465ee728b)  -> (artifact id: '6cfe43f1d979ff026720fa833a7a9fa3') in 0.008715 seconds 
========================================================================
Received Import Request.
  Time since last request: 5.306349 seconds.
  path: Assets/Shaders/Overlays/Nightvision.shadergraph
  artifactKey: Guid(1ce2dfe7f07a2564bb7b7040845ab12b) Importer(815301076,1909f56bfc062723c751e8b465ee728b)
Start importing Assets/Shaders/Overlays/Nightvision.shadergraph using Guid(1ce2dfe7f07a2564bb7b7040845ab12b) Importer(815301076,1909f56bfc062723c751e8b465ee728b)  -> (artifact id: '92c5339f943e7e43ef8a4f08466f1b84') in 0.015000 seconds 
========================================================================
Received Import Request.
  Time since last request: 8.282192 seconds.
  path: Assets/Shaders/Overlays/Nightvision.shadergraph
  artifactKey: Guid(1ce2dfe7f07a2564bb7b7040845ab12b) Importer(815301076,1909f56bfc062723c751e8b465ee728b)
Start importing Assets/Shaders/Overlays/Nightvision.shadergraph using Guid(1ce2dfe7f07a2564bb7b7040845ab12b) Importer(815301076,1909f56bfc062723c751e8b465ee728b)  -> (artifact id: '4c61fbe665476d69bd3493b294a9c643') in 0.010673 seconds 
========================================================================
Received Import Request.
  Time since last request: 8.670962 seconds.
  path: Assets/Shaders/Overlays/Nightvision.shadergraph
  artifactKey: Guid(1ce2dfe7f07a2564bb7b7040845ab12b) Importer(815301076,1909f56bfc062723c751e8b465ee728b)
Start importing Assets/Shaders/Overlays/Nightvision.shadergraph using Guid(1ce2dfe7f07a2564bb7b7040845ab12b) Importer(815301076,1909f56bfc062723c751e8b465ee728b)  -> (artifact id: 'c0fa7201e30c3eac7a066004ae3e0014') in 0.006586 seconds 
========================================================================
Received Import Request.
  Time since last request: 4.369233 seconds.
  path: Assets/Shaders/Overlays/Nightvision.shadergraph
  artifactKey: Guid(1ce2dfe7f07a2564bb7b7040845ab12b) Importer(815301076,1909f56bfc062723c751e8b465ee728b)
Start importing Assets/Shaders/Overlays/Nightvision.shadergraph using Guid(1ce2dfe7f07a2564bb7b7040845ab12b) Importer(815301076,1909f56bfc062723c751e8b465ee728b)  -> (artifact id: 'd555d9d6e3b90f3c40b6cc51ca840312') in 0.010107 seconds 
========================================================================
Received Import Request.
  Time since last request: 7.275149 seconds.
  path: Assets/Shaders/Overlays/Nightvision.shadergraph
  artifactKey: Guid(1ce2dfe7f07a2564bb7b7040845ab12b) Importer(815301076,1909f56bfc062723c751e8b465ee728b)
Start importing Assets/Shaders/Overlays/Nightvision.shadergraph using Guid(1ce2dfe7f07a2564bb7b7040845ab12b) Importer(815301076,1909f56bfc062723c751e8b465ee728b)  -> (artifact id: '09e2d396f78c813cb8553cfc9c631c7e') in 0.009256 seconds 
========================================================================
Received Import Request.
  Time since last request: 4.929113 seconds.
  path: Assets/Shaders/Overlays/Nightvision.shadergraph
  artifactKey: Guid(1ce2dfe7f07a2564bb7b7040845ab12b) Importer(815301076,1909f56bfc062723c751e8b465ee728b)
Start importing Assets/Shaders/Overlays/Nightvision.shadergraph using Guid(1ce2dfe7f07a2564bb7b7040845ab12b) Importer(815301076,1909f56bfc062723c751e8b465ee728b)  -> (artifact id: '1beb54f3d744ab3a52a6c55eafae0333') in 0.009259 seconds 
========================================================================
Received Import Request.
  Time since last request: 9.280063 seconds.
  path: Assets/Shaders/Overlays/Nightvision.shadergraph
  artifactKey: Guid(1ce2dfe7f07a2564bb7b7040845ab12b) Importer(815301076,1909f56bfc062723c751e8b465ee728b)
Start importing Assets/Shaders/Overlays/Nightvision.shadergraph using Guid(1ce2dfe7f07a2564bb7b7040845ab12b) Importer(815301076,1909f56bfc062723c751e8b465ee728b)  -> (artifact id: 'b22d14e492e0f47a1d71a63d7c2dc4c3') in 0.007924 seconds 
========================================================================
Received Import Request.
  Time since last request: 25.002088 seconds.
  path: Assets/Shaders/Overlays/Nightvision.shadergraph
  artifactKey: Guid(1ce2dfe7f07a2564bb7b7040845ab12b) Importer(815301076,1909f56bfc062723c751e8b465ee728b)
Start importing Assets/Shaders/Overlays/Nightvision.shadergraph using Guid(1ce2dfe7f07a2564bb7b7040845ab12b) Importer(815301076,1909f56bfc062723c751e8b465ee728b)  -> (artifact id: 'b6e600826e442a67fade35b306fa9753') in 0.011579 seconds 
========================================================================
Received Import Request.
  Time since last request: 5.015690 seconds.
  path: Assets/Shaders/Overlays/Nightvision.shadergraph
  artifactKey: Guid(1ce2dfe7f07a2564bb7b7040845ab12b) Importer(815301076,1909f56bfc062723c751e8b465ee728b)
Start importing Assets/Shaders/Overlays/Nightvision.shadergraph using Guid(1ce2dfe7f07a2564bb7b7040845ab12b) Importer(815301076,1909f56bfc062723c751e8b465ee728b)  -> (artifact id: 'a981776d2f74981c308142cb63a40459') in 0.006366 seconds 
========================================================================
Received Import Request.
  Time since last request: 31.990582 seconds.
  path: Assets/Shaders/Overlays/Nightvision.shadergraph
  artifactKey: Guid(1ce2dfe7f07a2564bb7b7040845ab12b) Importer(815301076,1909f56bfc062723c751e8b465ee728b)
Start importing Assets/Shaders/Overlays/Nightvision.shadergraph using Guid(1ce2dfe7f07a2564bb7b7040845ab12b) Importer(815301076,1909f56bfc062723c751e8b465ee728b)  -> (artifact id: '081fbb6ae2887fcabe48b18239e32013') in 0.009362 seconds 
========================================================================
Received Import Request.
  Time since last request: 11.484988 seconds.
  path: Assets/Shaders/Overlays/Nightvision.shadergraph
  artifactKey: Guid(1ce2dfe7f07a2564bb7b7040845ab12b) Importer(815301076,1909f56bfc062723c751e8b465ee728b)
Start importing Assets/Shaders/Overlays/Nightvision.shadergraph using Guid(1ce2dfe7f07a2564bb7b7040845ab12b) Importer(815301076,1909f56bfc062723c751e8b465ee728b)  -> (artifact id: '4c1142763745f8aae3cbf3e54e9a3ffe') in 0.014420 seconds 
========================================================================
Received Import Request.
  Time since last request: 4.178778 seconds.
  path: Assets/Shaders/Overlays/Nightvision.shadergraph
  artifactKey: Guid(1ce2dfe7f07a2564bb7b7040845ab12b) Importer(815301076,1909f56bfc062723c751e8b465ee728b)
Start importing Assets/Shaders/Overlays/Nightvision.shadergraph using Guid(1ce2dfe7f07a2564bb7b7040845ab12b) Importer(815301076,1909f56bfc062723c751e8b465ee728b)  -> (artifact id: 'f61d9cc03dd6c0249880204d39c01541') in 0.012527 seconds 
========================================================================
Received Import Request.
  Time since last request: 5.363207 seconds.
  path: Assets/Shaders/Overlays/Nightvision.shadergraph
  artifactKey: Guid(1ce2dfe7f07a2564bb7b7040845ab12b) Importer(815301076,1909f56bfc062723c751e8b465ee728b)
Start importing Assets/Shaders/Overlays/Nightvision.shadergraph using Guid(1ce2dfe7f07a2564bb7b7040845ab12b) Importer(815301076,1909f56bfc062723c751e8b465ee728b)  -> (artifact id: 'ed0a23d6ae0586b0ca20d86507678ef1') in 0.016195 seconds 
========================================================================
Received Import Request.
  Time since last request: 4.086033 seconds.
  path: Assets/Shaders/Overlays/Nightvision.shadergraph
  artifactKey: Guid(1ce2dfe7f07a2564bb7b7040845ab12b) Importer(815301076,1909f56bfc062723c751e8b465ee728b)
Start importing Assets/Shaders/Overlays/Nightvision.shadergraph using Guid(1ce2dfe7f07a2564bb7b7040845ab12b) Importer(815301076,1909f56bfc062723c751e8b465ee728b)  -> (artifact id: 'f47041e76b019671181f14ee29f114e8') in 0.016610 seconds 
========================================================================
Received Import Request.
  Time since last request: 5.649189 seconds.
  path: Assets/Shaders/Overlays/Nightvision.shadergraph
  artifactKey: Guid(1ce2dfe7f07a2564bb7b7040845ab12b) Importer(815301076,1909f56bfc062723c751e8b465ee728b)
Start importing Assets/Shaders/Overlays/Nightvision.shadergraph using Guid(1ce2dfe7f07a2564bb7b7040845ab12b) Importer(815301076,1909f56bfc062723c751e8b465ee728b)  -> (artifact id: '10c498445250e87115c6c7974ed982a6') in 0.014642 seconds 
========================================================================
Received Import Request.
  Time since last request: 11.811246 seconds.
  path: Assets/Shaders/Overlays/Nightvision.shadergraph
  artifactKey: Guid(1ce2dfe7f07a2564bb7b7040845ab12b) Importer(815301076,1909f56bfc062723c751e8b465ee728b)
Start importing Assets/Shaders/Overlays/Nightvision.shadergraph using Guid(1ce2dfe7f07a2564bb7b7040845ab12b) Importer(815301076,1909f56bfc062723c751e8b465ee728b)  -> (artifact id: 'fc8c407fbec5fdf4e1ab41e9b4044eb0') in 0.008120 seconds 
========================================================================
Received Import Request.
  Time since last request: 16.716223 seconds.
  path: Assets/Shaders/Overlays/Nightvision.shadergraph
  artifactKey: Guid(1ce2dfe7f07a2564bb7b7040845ab12b) Importer(815301076,1909f56bfc062723c751e8b465ee728b)
Start importing Assets/Shaders/Overlays/Nightvision.shadergraph using Guid(1ce2dfe7f07a2564bb7b7040845ab12b) Importer(815301076,1909f56bfc062723c751e8b465ee728b)  -> (artifact id: 'e6fd74df0358d237c8c1364c33bb0013') in 0.039094 seconds 
========================================================================
Received Import Request.
  Time since last request: 5.553012 seconds.
  path: Assets/Shaders/Overlays/Nightvision.shadergraph
  artifactKey: Guid(1ce2dfe7f07a2564bb7b7040845ab12b) Importer(815301076,1909f56bfc062723c751e8b465ee728b)
Start importing Assets/Shaders/Overlays/Nightvision.shadergraph using Guid(1ce2dfe7f07a2564bb7b7040845ab12b) Importer(815301076,1909f56bfc062723c751e8b465ee728b)  -> (artifact id: 'dc9f204df86291b391b1ad3e66cc9b30') in 0.006529 seconds 
========================================================================
Received Import Request.
  Time since last request: 32.101675 seconds.
  path: Assets/Shaders/Overlays/Nightvision.shadergraph
  artifactKey: Guid(1ce2dfe7f07a2564bb7b7040845ab12b) Importer(815301076,1909f56bfc062723c751e8b465ee728b)
Start importing Assets/Shaders/Overlays/Nightvision.shadergraph using Guid(1ce2dfe7f07a2564bb7b7040845ab12b) Importer(815301076,1909f56bfc062723c751e8b465ee728b)  -> (artifact id: '69c1a4fd3df6952de4fd68a148450c5a') in 0.005862 seconds 
========================================================================
Received Import Request.
  Time since last request: 9.240101 seconds.
  path: Assets/Shaders/Overlays/Nightvision.shadergraph
  artifactKey: Guid(1ce2dfe7f07a2564bb7b7040845ab12b) Importer(815301076,1909f56bfc062723c751e8b465ee728b)
Start importing Assets/Shaders/Overlays/Nightvision.shadergraph using Guid(1ce2dfe7f07a2564bb7b7040845ab12b) Importer(815301076,1909f56bfc062723c751e8b465ee728b)  -> (artifact id: '2eb914101705a0cd72772e9c0346b478') in 0.009511 seconds 
========================================================================
Received Import Request.
  Time since last request: 7.250552 seconds.
  path: Assets/Shaders/Overlays/Nightvision.shadergraph
  artifactKey: Guid(1ce2dfe7f07a2564bb7b7040845ab12b) Importer(815301076,1909f56bfc062723c751e8b465ee728b)
Start importing Assets/Shaders/Overlays/Nightvision.shadergraph using Guid(1ce2dfe7f07a2564bb7b7040845ab12b) Importer(815301076,1909f56bfc062723c751e8b465ee728b)  -> (artifact id: '7e99c2c466785fd242b6df6435d4a5ed') in 0.005222 seconds 
========================================================================
Received Import Request.
  Time since last request: 16.835144 seconds.
  path: Assets/Shaders/Overlays/Nightvision.shadergraph
  artifactKey: Guid(1ce2dfe7f07a2564bb7b7040845ab12b) Importer(815301076,1909f56bfc062723c751e8b465ee728b)
Start importing Assets/Shaders/Overlays/Nightvision.shadergraph using Guid(1ce2dfe7f07a2564bb7b7040845ab12b) Importer(815301076,1909f56bfc062723c751e8b465ee728b)  -> (artifact id: '516db3f8953bad9f7d3f680e7d6c6dc7') in 0.005451 seconds 
========================================================================
Received Import Request.
  Time since last request: 5.715828 seconds.
  path: Assets/Shaders/Overlays/Nightvision.shadergraph
  artifactKey: Guid(1ce2dfe7f07a2564bb7b7040845ab12b) Importer(815301076,1909f56bfc062723c751e8b465ee728b)
Start importing Assets/Shaders/Overlays/Nightvision.shadergraph using Guid(1ce2dfe7f07a2564bb7b7040845ab12b) Importer(815301076,1909f56bfc062723c751e8b465ee728b)  -> (artifact id: '125c8f90ec0ed1cb1293982c586e3736') in 0.009637 seconds 
========================================================================
Received Prepare
Registering precompiled user dll's ...
Registered in 0.022580 seconds.
Begin MonoManager ReloadAssembly
Native extension for WindowsStandalone target not found
Refreshing native plugins compatible for Editor in 1.29 ms, found 3 plugins.
Preloading 0 native plugins for Editor in 0.00 ms.
Mono: successfully reloaded assembly
- Completed reload, in  5.205 seconds
Domain Reload Profiling:
	ReloadAssembly (5206ms)
		BeginReloadAssembly (558ms)
			ExecutionOrderSort (0ms)
			DisableScriptedObjects (12ms)
			BackupInstance (0ms)
			ReleaseScriptingObjects (0ms)
			CreateAndSetChildDomain (160ms)
		EndReloadAssembly (4533ms)
			LoadAssemblies (460ms)
			RebuildTransferFunctionScriptingTraits (0ms)
			SetupTypeCache (1207ms)
			ReleaseScriptCaches (2ms)
			RebuildScriptCaches (178ms)
			SetupLoadedEditorAssemblies (2510ms)
				LogAssemblyErrors (0ms)
				InitializePlatformSupportModulesInManaged (6ms)
				SetLoadedEditorAssemblies (1ms)
				RefreshPlugins (1ms)
				BeforeProcessingInitializeOnLoad (1392ms)
				ProcessInitializeOnLoadAttributes (1066ms)
				ProcessInitializeOnLoadMethodAttributes (29ms)
				AfterProcessingInitializeOnLoad (14ms)
				EditorAssembliesLoaded (0ms)
			ExecutionOrderSort2 (0ms)
			AwakeInstancesAfterBackupRestoration (21ms)
Platform modules already initialized, skipping
Refreshing native plugins compatible for Editor in 2.23 ms, found 3 plugins.
Preloading 0 native plugins for Editor in 0.00 ms.
Unloading 3597 Unused Serialized files (Serialized files now loaded: 0)
System memory in use before: 173.6 MB.
System memory in use after: 173.9 MB.

Unloading 28 unused Assets to reduce memory usage. Loaded Objects now: 4449.
Total: 5.456500 ms (FindLiveObjects: 0.557100 ms CreateObjectMapping: 0.255800 ms MarkObjects: 4.586000 ms  DeleteObjects: 0.055800 ms)

AssetImportParameters requested are different than current active one (requested -> active):
  custom:framework-win-MediaFoundation: 216162199b28c13a410421893ffa2e32 -> 
  custom:video-decoder-ogg-theora: a1e56fd34408186e4bbccfd4996cb3dc -> 
  custom:container-muxer-webm: aa71ff27fc2769a1b78a27578f13a17b -> 
  custom:container-demuxer-webm: 4f35f7cbe854078d1ac9338744f61a02 -> 
  custom:container-demuxer-ogg: 62fdf1f143b41e24485cea50d1cbac27 -> 
  custom:video-encoder-webm-vp8: eb34c28f22e8b96e1ab97ce403110664 -> 
  custom:video-decoder-webm-vp8: 9c59270c3fd7afecdb556c50c9e8de78 -> 
  custom:audio-decoder-ogg-vorbis: bf7c407c2cedff20999df2af8eb42d56 -> 
  custom:audio-encoder-webm-vorbis: bf7c407c2cedff20999df2af8eb42d56 -> 
========================================================================
Received Import Request.
  Time since last request: 75.145607 seconds.
  path: Assets/Shaders/Overlays/Nightvision.shadergraph
  artifactKey: Guid(1ce2dfe7f07a2564bb7b7040845ab12b) Importer(815301076,1909f56bfc062723c751e8b465ee728b)
Start importing Assets/Shaders/Overlays/Nightvision.shadergraph using Guid(1ce2dfe7f07a2564bb7b7040845ab12b) Importer(815301076,1909f56bfc062723c751e8b465ee728b)  -> (artifact id: '2f4b7d3483a5f2b0b377f0bff14720bc') in 0.030352 seconds 
========================================================================
Received Import Request.
  Time since last request: 15.178742 seconds.
  path: Assets/Shaders/Overlays/Nightvision.shadergraph
  artifactKey: Guid(1ce2dfe7f07a2564bb7b7040845ab12b) Importer(815301076,1909f56bfc062723c751e8b465ee728b)
Start importing Assets/Shaders/Overlays/Nightvision.shadergraph using Guid(1ce2dfe7f07a2564bb7b7040845ab12b) Importer(815301076,1909f56bfc062723c751e8b465ee728b)  -> (artifact id: '7fd2960463b24aca93379e243e5fa5c9') in 0.011826 seconds 
========================================================================
Received Import Request.
  Time since last request: 5.132809 seconds.
  path: Assets/Shaders/Overlays/Nightvision.shadergraph
  artifactKey: Guid(1ce2dfe7f07a2564bb7b7040845ab12b) Importer(815301076,1909f56bfc062723c751e8b465ee728b)
Start importing Assets/Shaders/Overlays/Nightvision.shadergraph using Guid(1ce2dfe7f07a2564bb7b7040845ab12b) Importer(815301076,1909f56bfc062723c751e8b465ee728b)  -> (artifact id: '5c2594ddd5821c7f93e9554156762067') in 0.013208 seconds 
========================================================================
Received Import Request.
  Time since last request: 9.924321 seconds.
  path: Assets/Shaders/Overlays/Nightvision.shadergraph
  artifactKey: Guid(1ce2dfe7f07a2564bb7b7040845ab12b) Importer(815301076,1909f56bfc062723c751e8b465ee728b)
Start importing Assets/Shaders/Overlays/Nightvision.shadergraph using Guid(1ce2dfe7f07a2564bb7b7040845ab12b) Importer(815301076,1909f56bfc062723c751e8b465ee728b)  -> (artifact id: '45651f6928e402fb785b776f31edf520') in 0.011227 seconds 
========================================================================
Received Import Request.
  Time since last request: 53.438056 seconds.
  path: Assets/Shaders/Overlays/Nightvision.shadergraph
  artifactKey: Guid(1ce2dfe7f07a2564bb7b7040845ab12b) Importer(815301076,1909f56bfc062723c751e8b465ee728b)
Start importing Assets/Shaders/Overlays/Nightvision.shadergraph using Guid(1ce2dfe7f07a2564bb7b7040845ab12b) Importer(815301076,1909f56bfc062723c751e8b465ee728b)  -> (artifact id: 'b5dfddea134ac09c5a3dd7e18adc6479') in 0.008343 seconds 
========================================================================
Received Import Request.
  Time since last request: 38.428920 seconds.
  path: Assets/Shaders/Overlays/Nightvision.shadergraph
  artifactKey: Guid(1ce2dfe7f07a2564bb7b7040845ab12b) Importer(815301076,1909f56bfc062723c751e8b465ee728b)
Start importing Assets/Shaders/Overlays/Nightvision.shadergraph using Guid(1ce2dfe7f07a2564bb7b7040845ab12b) Importer(815301076,1909f56bfc062723c751e8b465ee728b)  -> (artifact id: '1b45c14e8b550d258c15a5e494343798') in 0.007503 seconds 
========================================================================
Received Import Request.
  Time since last request: 7.403692 seconds.
  path: Assets/Shaders/Overlays/Nightvision.shadergraph
  artifactKey: Guid(1ce2dfe7f07a2564bb7b7040845ab12b) Importer(815301076,1909f56bfc062723c751e8b465ee728b)
Start importing Assets/Shaders/Overlays/Nightvision.shadergraph using Guid(1ce2dfe7f07a2564bb7b7040845ab12b) Importer(815301076,1909f56bfc062723c751e8b465ee728b)  -> (artifact id: '83e8ee67cd06c15d760d44055b14a479') in 0.014239 seconds 
========================================================================
Received Import Request.
  Time since last request: 82.190134 seconds.
  path: Assets/Shaders/Overlays/Nightvision.shadergraph
  artifactKey: Guid(1ce2dfe7f07a2564bb7b7040845ab12b) Importer(815301076,1909f56bfc062723c751e8b465ee728b)
Start importing Assets/Shaders/Overlays/Nightvision.shadergraph using Guid(1ce2dfe7f07a2564bb7b7040845ab12b) Importer(815301076,1909f56bfc062723c751e8b465ee728b)  -> (artifact id: 'beae08e2c25137848b73df1d58a15556') in 0.010391 seconds 
========================================================================
Received Import Request.
  Time since last request: 92.256909 seconds.
  path: Assets/Shaders/Overlays/Nightvision.shadergraph
  artifactKey: Guid(1ce2dfe7f07a2564bb7b7040845ab12b) Importer(815301076,1909f56bfc062723c751e8b465ee728b)
Start importing Assets/Shaders/Overlays/Nightvision.shadergraph using Guid(1ce2dfe7f07a2564bb7b7040845ab12b) Importer(815301076,1909f56bfc062723c751e8b465ee728b)  -> (artifact id: 'ea999d723cababf2492aa06962dd1c5d') in 0.011065 seconds 
========================================================================
Received Import Request.
  Time since last request: 105.776782 seconds.
  path: Assets/Shaders/Overlays/Nightvision.mat
  artifactKey: Guid(7000d09911cda0e49be1ac981417f3cd) Importer(815301076,1909f56bfc062723c751e8b465ee728b)
Start importing Assets/Shaders/Overlays/Nightvision.mat using Guid(7000d09911cda0e49be1ac981417f3cd) Importer(815301076,1909f56bfc062723c751e8b465ee728b)  -> (artifact id: '2ade8b22040bcbbac8b1cf036a3b73fc') in 1.160536 seconds 
========================================================================
Received Prepare
Registering precompiled user dll's ...
Registered in 0.037035 seconds.
Begin MonoManager ReloadAssembly
Native extension for WindowsStandalone target not found
Refreshing native plugins compatible for Editor in 3.29 ms, found 3 plugins.
Preloading 0 native plugins for Editor in 0.00 ms.
Mono: successfully reloaded assembly
- Completed reload, in 12.585 seconds
Domain Reload Profiling:
	ReloadAssembly (12587ms)
		BeginReloadAssembly (2618ms)
			ExecutionOrderSort (0ms)
			DisableScriptedObjects (96ms)
			BackupInstance (0ms)
			ReleaseScriptingObjects (1ms)
			CreateAndSetChildDomain (831ms)
		EndReloadAssembly (9356ms)
			LoadAssemblies (1963ms)
			RebuildTransferFunctionScriptingTraits (0ms)
			SetupTypeCache (3858ms)
			ReleaseScriptCaches (13ms)
			RebuildScriptCaches (381ms)
			SetupLoadedEditorAssemblies (3265ms)
				LogAssemblyErrors (0ms)
				InitializePlatformSupportModulesInManaged (19ms)
				SetLoadedEditorAssemblies (1ms)
				RefreshPlugins (4ms)
				BeforeProcessingInitializeOnLoad (683ms)
				ProcessInitializeOnLoadAttributes (2344ms)
				ProcessInitializeOnLoadMethodAttributes (169ms)
				AfterProcessingInitializeOnLoad (43ms)
				EditorAssembliesLoaded (2ms)
			ExecutionOrderSort2 (0ms)
			AwakeInstancesAfterBackupRestoration (86ms)
Platform modules already initialized, skipping
Refreshing native plugins compatible for Editor in 5.73 ms, found 3 plugins.
Preloading 0 native plugins for Editor in 0.00 ms.
Unloading 3597 Unused Serialized files (Serialized files now loaded: 0)
System memory in use before: 173.8 MB.
System memory in use after: 174.0 MB.

Unloading 28 unused Assets to reduce memory usage. Loaded Objects now: 4488.
Total: 17.089000 ms (FindLiveObjects: 3.618400 ms CreateObjectMapping: 1.791500 ms MarkObjects: 11.466700 ms  DeleteObjects: 0.207200 ms)

AssetImportParameters requested are different than current active one (requested -> active):
  custom:framework-win-MediaFoundation: 216162199b28c13a410421893ffa2e32 -> 
  custom:video-decoder-ogg-theora: a1e56fd34408186e4bbccfd4996cb3dc -> 
  custom:container-muxer-webm: aa71ff27fc2769a1b78a27578f13a17b -> 
  custom:container-demuxer-webm: 4f35f7cbe854078d1ac9338744f61a02 -> 
  custom:container-demuxer-ogg: 62fdf1f143b41e24485cea50d1cbac27 -> 
  custom:video-encoder-webm-vp8: eb34c28f22e8b96e1ab97ce403110664 -> 
  custom:video-decoder-webm-vp8: 9c59270c3fd7afecdb556c50c9e8de78 -> 
  custom:audio-decoder-ogg-vorbis: bf7c407c2cedff20999df2af8eb42d56 -> 
  custom:audio-encoder-webm-vorbis: bf7c407c2cedff20999df2af8eb42d56 -> 
========================================================================
Received Prepare
Registering precompiled user dll's ...
Registered in 0.031969 seconds.
Begin MonoManager ReloadAssembly
Native extension for WindowsStandalone target not found
Refreshing native plugins compatible for Editor in 1.40 ms, found 3 plugins.
Preloading 0 native plugins for Editor in 0.00 ms.
Mono: successfully reloaded assembly
- Completed reload, in  3.069 seconds
Domain Reload Profiling:
	ReloadAssembly (3070ms)
		BeginReloadAssembly (414ms)
			ExecutionOrderSort (0ms)
			DisableScriptedObjects (13ms)
			BackupInstance (0ms)
			ReleaseScriptingObjects (0ms)
			CreateAndSetChildDomain (73ms)
		EndReloadAssembly (2402ms)
			LoadAssemblies (468ms)
			RebuildTransferFunctionScriptingTraits (0ms)
			SetupTypeCache (845ms)
			ReleaseScriptCaches (3ms)
			RebuildScriptCaches (145ms)
			SetupLoadedEditorAssemblies (688ms)
				LogAssemblyErrors (0ms)
				InitializePlatformSupportModulesInManaged (17ms)
				SetLoadedEditorAssemblies (1ms)
				RefreshPlugins (2ms)
				BeforeProcessingInitializeOnLoad (180ms)
				ProcessInitializeOnLoadAttributes (427ms)
				ProcessInitializeOnLoadMethodAttributes (42ms)
				AfterProcessingInitializeOnLoad (19ms)
				EditorAssembliesLoaded (0ms)
			ExecutionOrderSort2 (0ms)
			AwakeInstancesAfterBackupRestoration (27ms)
Platform modules already initialized, skipping
Refreshing native plugins compatible for Editor in 2.12 ms, found 3 plugins.
Preloading 0 native plugins for Editor in 0.00 ms.
Unloading 3597 Unused Serialized files (Serialized files now loaded: 0)
System memory in use before: 173.8 MB.
System memory in use after: 174.0 MB.

Unloading 28 unused Assets to reduce memory usage. Loaded Objects now: 4491.
Total: 11.395300 ms (FindLiveObjects: 0.903700 ms CreateObjectMapping: 1.057100 ms MarkObjects: 9.244700 ms  DeleteObjects: 0.186100 ms)

AssetImportParameters requested are different than current active one (requested -> active):
  custom:framework-win-MediaFoundation: 216162199b28c13a410421893ffa2e32 -> 
  custom:video-decoder-ogg-theora: a1e56fd34408186e4bbccfd4996cb3dc -> 
  custom:container-muxer-webm: aa71ff27fc2769a1b78a27578f13a17b -> 
  custom:container-demuxer-webm: 4f35f7cbe854078d1ac9338744f61a02 -> 
  custom:container-demuxer-ogg: 62fdf1f143b41e24485cea50d1cbac27 -> 
  custom:video-encoder-webm-vp8: eb34c28f22e8b96e1ab97ce403110664 -> 
  custom:video-decoder-webm-vp8: 9c59270c3fd7afecdb556c50c9e8de78 -> 
  custom:audio-decoder-ogg-vorbis: bf7c407c2cedff20999df2af8eb42d56 -> 
  custom:audio-encoder-webm-vorbis: bf7c407c2cedff20999df2af8eb42d56 -> 
========================================================================
Received Import Request.
  Time since last request: 1664.256737 seconds.
  path: Assets/Shaders/Effects
  artifactKey: Guid(7df6e5b19e57aa845855df28c4ff980e) Importer(815301076,1909f56bfc062723c751e8b465ee728b)
Start importing Assets/Shaders/Effects using Guid(7df6e5b19e57aa845855df28c4ff980e) Importer(815301076,1909f56bfc062723c751e8b465ee728b)  -> (artifact id: 'afe275a4b26bbbc43529ba4525b3f19a') in 0.065255 seconds 
AssetImportWorkerClient::OnTransportError - code=2 error=End of file
